#
# There is insufficient memory for the Java Runtime Environment to continue.
# Native memory allocation (malloc) failed to allocate 32744 bytes for ChunkPool::allocate
# Possible reasons:
#   The system is out of physical RAM or swap space
#   The process is running with CompressedOops enabled, and the Java Heap may be blocking the growth of the native heap
# Possible solutions:
#   Reduce memory load on the system
#   Increase physical memory or swap space
#   Check if swap backing store is full
#   Decrease Java heap size (-Xmx/-Xms)
#   Decrease number of Java threads
#   Decrease Java thread stack sizes (-Xss)
#   Set larger code cache with -XX:ReservedCodeCacheSize=
#   JVM is running with Unscaled Compressed Oops mode in which the Java heap is
#     placed in the first 4GB address space. The Java Heap base address is the
#     maximum limit for the native heap growth. Please use -XX:HeapBaseMinAddress
#     to set the Java Heap base and to place the Java Heap above 4GB virtual address.
# This output file may be truncated or incomplete.
#
#  Out of Memory Error (allocation.cpp:272), pid=167852, tid=0x00000000000012e0
#
# JRE version: OpenJDK Runtime Environment (8.0_242-b01) (build 1.8.0_242-release-1644-b01)
# Java VM: OpenJDK 64-Bit Server VM (25.242-b01 mixed mode windows-amd64 compressed oops)
# Failed to write core dump. Minidumps are not enabled by default on client versions of Windows
#

---------------  T H R E A D  ---------------

Current thread (0x0000000017586000):  JavaThread "C2 CompilerThread0" daemon [_thread_in_native, id=4832, stack(0x0000000018d50000,0x0000000018e50000)]

Stack: [0x0000000018d50000,0x0000000018e50000]
[error occurred during error reporting (printing stack bounds), id 0xc0000005]

Native frames: (J=compiled Java code, j=interpreted, Vv=VM code, C=native code)


Current CompileTask:
C2: 334885 13115       4       org.gradle.api.internal.changedetection.state.CachingFileHasher::snapshot (114 bytes)


---------------  P R O C E S S  ---------------

Java Threads: ( => current thread )
  0x000000001b884000 JavaThread "Cache worker for file hash cache (C:\Users\SHADOWRATH\AndroidStudioProjects\FoodieApp\.gradle\6.1.1\fileHashes)" [_thread_blocked, id=171840, stack(0x000000001fc60000,0x000000001fd60000)]
  0x000000001b87e000 JavaThread "Cache worker for checksums cache (C:\Users\SHADOWRATH\AndroidStudioProjects\FoodieApp\.gradle\checksums)" [_thread_blocked, id=157764, stack(0x000000001f960000,0x000000001fa60000)]
  0x000000001b881000 JavaThread "Thread-58" [_thread_blocked, id=9716, stack(0x000000001cec0000,0x000000001cfc0000)]
  0x000000001b87d800 JavaThread "Stdin handler" [_thread_blocked, id=172256, stack(0x000000001cdc0000,0x000000001cec0000)]
  0x000000001b880800 JavaThread "Asynchronous log dispatcher for DefaultDaemonConnection: socket connection from /127.0.0.1:14948 to /127.0.0.1:15022" [_thread_blocked, id=167748, stack(0x000000001ccc0000,0x000000001cdc0000)]
  0x000000001b87f800 JavaThread "Daemon worker Thread 4" [_thread_in_vm, id=164272, stack(0x000000001cbc0000,0x000000001ccc0000)]
  0x000000001b877800 JavaThread "Cancel handler" [_thread_blocked, id=170804, stack(0x000000001cac0000,0x000000001cbc0000)]
  0x000000001b879800 JavaThread "Handler for socket connection from /127.0.0.1:14948 to /127.0.0.1:15022" [_thread_in_native, id=81292, stack(0x000000001c7c0000,0x000000001c8c0000)]
  0x000000001b87c000 JavaThread "Daemon Thread 4" [_thread_blocked, id=166916, stack(0x000000001c6c0000,0x000000001c7c0000)]
  0x000000001b5d0800 JavaThread "Cache worker for execution history cache (C:\Users\SHADOWRATH\.gradle\caches\6.1.1\executionHistory)" [_thread_blocked, id=176572, stack(0x000000001fe40000,0x000000001ff40000)]
  0x000000001b1a5000 JavaThread "Cache worker for file hash cache (C:\Users\SHADOWRATH\.gradle\caches\6.1.1\fileHashes)" [_thread_blocked, id=3372, stack(0x000000001d3c0000,0x000000001d4c0000)]
  0x000000001b1a6800 JavaThread "File lock request listener" [_thread_in_native, id=159720, stack(0x000000001d2c0000,0x000000001d3c0000)]
  0x000000001b1a7800 JavaThread "Cache worker for journal cache (C:\Users\SHADOWRATH\.gradle\caches\journal-1)" [_thread_blocked, id=175908, stack(0x000000001d1c0000,0x000000001d2c0000)]
  0x000000001b11e800 JavaThread "Daemon periodic checks" [_thread_blocked, id=162476, stack(0x000000001c5c0000,0x000000001c6c0000)]
  0x000000001b11c800 JavaThread "Incoming local TCP Connector on port 14948" [_thread_in_native, id=165464, stack(0x000000001c3d0000,0x000000001c4d0000)]
  0x0000000019e4e000 JavaThread "Daemon health stats" [_thread_blocked, id=165456, stack(0x000000001bdf0000,0x000000001bef0000)]
  0x0000000019079000 JavaThread "Service Thread" daemon [_thread_blocked, id=155852, stack(0x0000000019450000,0x0000000019550000)]
  0x00000000175b3000 JavaThread "C1 CompilerThread2" daemon [_thread_in_vm, id=174988, stack(0x0000000018f50000,0x0000000019050000)]
  0x0000000017595800 JavaThread "C2 CompilerThread1" daemon [_thread_blocked, id=164396, stack(0x0000000018e50000,0x0000000018f50000)]
=>0x0000000017586000 JavaThread "C2 CompilerThread0" daemon [_thread_in_native, id=4832, stack(0x0000000018d50000,0x0000000018e50000)]
  0x0000000017584000 JavaThread "Attach Listener" daemon [_thread_blocked, id=11068, stack(0x0000000018c50000,0x0000000018d50000)]
  0x0000000017583000 JavaThread "Signal Dispatcher" daemon [_thread_blocked, id=173732, stack(0x0000000018b50000,0x0000000018c50000)]
  0x000000000295b800 JavaThread "Finalizer" daemon [_thread_blocked, id=169624, stack(0x0000000018820000,0x0000000018920000)]
  0x0000000017569000 JavaThread "Reference Handler" daemon [_thread_blocked, id=177144, stack(0x0000000018720000,0x0000000018820000)]
  0x0000000002862800 JavaThread "main" [_thread_blocked, id=172812, stack(0x0000000002760000,0x0000000002860000)]

Other Threads:
  0x0000000017545800 VMThread [stack: 0x0000000018620000,0x0000000018720000] [id=174896]
  0x00000000175dd800 WatcherThread [stack: 0x0000000019550000,0x0000000019650000] [id=78560]

VM state:not at safepoint (normal execution)

VM Mutex/Monitor currently owned by a thread:  ([mutex/lock_event])
[0x00000000026ecd80] SystemDictionary_lock - owner thread: 0x0000000000000000

heap address: 0x0000000080000000, size: 2048 MB, Compressed Oops mode: 32-bit
Narrow klass base: 0x0000000000000000, Narrow klass shift: 3
Compressed class space size: 1073741824 Address: 0x0000000100000000

Heap:
 PSYoungGen      total 522240K, used 326107K [0x00000000d5580000, 0x00000000fdb00000, 0x0000000100000000)
  eden space 489984K, 59% used [0x00000000d5580000,0x00000000e747c498,0x00000000f3400000)
  from space 32256K, 99% used [0x00000000f3400000,0x00000000f537aa10,0x00000000f5380000)
  to   space 38400K, 0% used [0x00000000fb580000,0x00000000fb580000,0x00000000fdb00000)
 ParOldGen       total 122880K, used 44265K [0x0000000080000000, 0x0000000087800000, 0x00000000d5580000)
  object space 122880K, 36% used [0x0000000080000000,0x0000000082b3a688,0x0000000087800000)
 Metaspace       used 86495K, capacity 90336K, committed 90672K, reserved 1128448K
  class space    used 11221K, capacity 11999K, committed 12080K, reserved 1048576K

Card table byte_map: [0x0000000011d20000,0x0000000012130000] byte_map_base: 0x0000000011920000

Marking Bits: (ParMarkBitMap*) 0x0000000065a1f030
 Begin Bits: [0x00000000127e0000, 0x00000000147e0000)
 End Bits:   [0x00000000147e0000, 0x00000000167e0000)

Polling page: 0x0000000000e40000

CodeCache: size=245760Kb used=36636Kb max_used=36653Kb free=209123Kb
 bounds [0x0000000002960000, 0x0000000004d50000, 0x0000000011960000]
 total_blobs=12225 nmethods=11350 adapters=787
 compilation: enabled

Compilation events (10 events):
Event: 334.801 Thread 0x00000000175b3000 13113       3       java.net.URI$Parser::scanEscape (109 bytes)
Event: 334.803 Thread 0x00000000175b3000 nmethod 13113 0x0000000004d41f10 code [0x0000000004d421a0, 0x0000000004d43248]
Event: 334.804 Thread 0x00000000175b3000 13114       3       kotlin.LazyKt__LazyJVMKt::lazy (21 bytes)
Event: 334.804 Thread 0x00000000175b3000 nmethod 13114 0x0000000004d41910 code [0x0000000004d41aa0, 0x0000000004d41db8]
Event: 334.814 Thread 0x0000000017586000 13115       4       org.gradle.api.internal.changedetection.state.CachingFileHasher::snapshot (114 bytes)
Event: 334.829 Thread 0x0000000017595800 13116       4       sun.reflect.ClassFileAssembler::emitConstantPoolClass (23 bytes)
Event: 334.831 Thread 0x00000000175b3000 13117       1       org.gradle.tooling.internal.provider.serialization.ClientOwnedClassLoaderSpec::getClasspath (5 bytes)
Event: 334.831 Thread 0x00000000175b3000 nmethod 13117 0x0000000004d49290 code [0x0000000004d493e0, 0x0000000004d494f0]
Event: 334.834 Thread 0x0000000017595800 nmethod 13116 0x0000000004d4c4d0 code [0x0000000004d4c660, 0x0000000004d4c9c8]
Event: 334.835 Thread 0x00000000175b3000 13118   !   3       java.io.ObjectStreamClass::newInstance (140 bytes)

GC Heap History (10 events):
Event: 8.678 GC heap before
{Heap before GC invocations=10 (full 2):
 PSYoungGen      total 276480K, used 260096K [0x00000000d5580000, 0x00000000ef200000, 0x0000000100000000)
  eden space 260096K, 100% used [0x00000000d5580000,0x00000000e5380000,0x00000000e5380000)
  from space 16384K, 0% used [0x00000000e5380000,0x00000000e5380000,0x00000000e6380000)
  to   space 15360K, 0% used [0x00000000ee300000,0x00000000ee300000,0x00000000ef200000)
 ParOldGen       total 81920K, used 14493K [0x0000000080000000, 0x0000000085000000, 0x00000000d5580000)
  object space 81920K, 17% used [0x0000000080000000,0x0000000080e27650,0x0000000085000000)
 Metaspace       used 53367K, capacity 55160K, committed 55344K, reserved 1097728K
  class space    used 7015K, capacity 7429K, committed 7472K, reserved 1048576K
Event: 8.708 GC heap after
Heap after GC invocations=10 (full 2):
 PSYoungGen      total 399872K, used 15339K [0x00000000d5580000, 0x00000000eff00000, 0x0000000100000000)
  eden space 384512K, 0% used [0x00000000d5580000,0x00000000d5580000,0x00000000ecd00000)
  from space 15360K, 99% used [0x00000000ee300000,0x00000000ef1fac70,0x00000000ef200000)
  to   space 22528K, 0% used [0x00000000ecd00000,0x00000000ecd00000,0x00000000ee300000)
 ParOldGen       total 81920K, used 26073K [0x0000000080000000, 0x0000000085000000, 0x00000000d5580000)
  object space 81920K, 31% used [0x0000000080000000,0x00000000819767a8,0x0000000085000000)
 Metaspace       used 53367K, capacity 55160K, committed 55344K, reserved 1097728K
  class space    used 7015K, capacity 7429K, committed 7472K, reserved 1048576K
}
Event: 9.439 GC heap before
{Heap before GC invocations=11 (full 2):
 PSYoungGen      total 399872K, used 73694K [0x00000000d5580000, 0x00000000eff00000, 0x0000000100000000)
  eden space 384512K, 15% used [0x00000000d5580000,0x00000000d8e7ce28,0x00000000ecd00000)
  from space 15360K, 99% used [0x00000000ee300000,0x00000000ef1fac70,0x00000000ef200000)
  to   space 22528K, 0% used [0x00000000ecd00000,0x00000000ecd00000,0x00000000ee300000)
 ParOldGen       total 81920K, used 26073K [0x0000000080000000, 0x0000000085000000, 0x00000000d5580000)
  object space 81920K, 31% used [0x0000000080000000,0x00000000819767a8,0x0000000085000000)
 Metaspace       used 56958K, capacity 59088K, committed 59160K, reserved 1099776K
  class space    used 7618K, capacity 8084K, committed 8112K, reserved 1048576K
Event: 9.468 GC heap after
Heap after GC invocations=11 (full 2):
 PSYoungGen      total 407040K, used 20250K [0x00000000d5580000, 0x00000000f7300000, 0x0000000100000000)
  eden space 384512K, 0% used [0x00000000d5580000,0x00000000d5580000,0x00000000ecd00000)
  from space 22528K, 89% used [0x00000000ecd00000,0x00000000ee0c6970,0x00000000ee300000)
  to   space 25600K, 0% used [0x00000000f5a00000,0x00000000f5a00000,0x00000000f7300000)
 ParOldGen       total 81920K, used 26081K [0x0000000080000000, 0x0000000085000000, 0x00000000d5580000)
  object space 81920K, 31% used [0x0000000080000000,0x00000000819787a8,0x0000000085000000)
 Metaspace       used 56958K, capacity 59088K, committed 59160K, reserved 1099776K
  class space    used 7618K, capacity 8084K, committed 8112K, reserved 1048576K
}
Event: 9.468 GC heap before
{Heap before GC invocations=12 (full 3):
 PSYoungGen      total 407040K, used 20250K [0x00000000d5580000, 0x00000000f7300000, 0x0000000100000000)
  eden space 384512K, 0% used [0x00000000d5580000,0x00000000d5580000,0x00000000ecd00000)
  from space 22528K, 89% used [0x00000000ecd00000,0x00000000ee0c6970,0x00000000ee300000)
  to   space 25600K, 0% used [0x00000000f5a00000,0x00000000f5a00000,0x00000000f7300000)
 ParOldGen       total 81920K, used 26081K [0x0000000080000000, 0x0000000085000000, 0x00000000d5580000)
  object space 81920K, 31% used [0x0000000080000000,0x00000000819787a8,0x0000000085000000)
 Metaspace       used 56958K, capacity 59088K, committed 59160K, reserved 1099776K
  class space    used 7618K, capacity 8084K, committed 8112K, reserved 1048576K
Event: 9.692 GC heap after
Heap after GC invocations=12 (full 3):
 PSYoungGen      total 407040K, used 0K [0x00000000d5580000, 0x00000000f7300000, 0x0000000100000000)
  eden space 384512K, 0% used [0x00000000d5580000,0x00000000d5580000,0x00000000ecd00000)
  from space 22528K, 0% used [0x00000000ecd00000,0x00000000ecd00000,0x00000000ee300000)
  to   space 25600K, 0% used [0x00000000f5a00000,0x00000000f5a00000,0x00000000f7300000)
 ParOldGen       total 122880K, used 32857K [0x0000000080000000, 0x0000000087800000, 0x00000000d5580000)
  object space 122880K, 26% used [0x0000000080000000,0x0000000082016610,0x0000000087800000)
 Metaspace       used 56904K, capacity 58960K, committed 59160K, reserved 1099776K
  class space    used 7604K, capacity 8068K, committed 8112K, reserved 1048576K
}
Event: 14.281 GC heap before
{Heap before GC invocations=13 (full 3):
 PSYoungGen      total 407040K, used 384512K [0x00000000d5580000, 0x00000000f7300000, 0x0000000100000000)
  eden space 384512K, 100% used [0x00000000d5580000,0x00000000ecd00000,0x00000000ecd00000)
  from space 22528K, 0% used [0x00000000ecd00000,0x00000000ecd00000,0x00000000ee300000)
  to   space 25600K, 0% used [0x00000000f5a00000,0x00000000f5a00000,0x00000000f7300000)
 ParOldGen       total 122880K, used 32857K [0x0000000080000000, 0x0000000087800000, 0x00000000d5580000)
  object space 122880K, 26% used [0x0000000080000000,0x0000000082016610,0x0000000087800000)
 Metaspace       used 72492K, capacity 75480K, committed 75696K, reserved 1114112K
  class space    used 9819K, capacity 10415K, committed 10416K, reserved 1048576K
Event: 14.318 GC heap after
Heap after GC invocations=13 (full 3):
 PSYoungGen      total 507392K, used 25569K [0x00000000d5580000, 0x00000000f7300000, 0x0000000100000000)
  eden space 481792K, 0% used [0x00000000d5580000,0x00000000d5580000,0x00000000f2c00000)
  from space 25600K, 99% used [0x00000000f5a00000,0x00000000f72f8748,0x00000000f7300000)
  to   space 32256K, 0% used [0x00000000f3400000,0x00000000f3400000,0x00000000f5380000)
 ParOldGen       total 122880K, used 41216K [0x0000000080000000, 0x0000000087800000, 0x00000000d5580000)
  object space 122880K, 33% used [0x0000000080000000,0x0000000082840030,0x0000000087800000)
 Metaspace       used 72492K, capacity 75480K, committed 75696K, reserved 1114112K
  class space    used 9819K, capacity 10415K, committed 10416K, reserved 1048576K
}
Event: 79.891 GC heap before
{Heap before GC invocations=14 (full 3):
 PSYoungGen      total 507392K, used 507361K [0x00000000d5580000, 0x00000000f7300000, 0x0000000100000000)
  eden space 481792K, 100% used [0x00000000d5580000,0x00000000f2c00000,0x00000000f2c00000)
  from space 25600K, 99% used [0x00000000f5a00000,0x00000000f72f8748,0x00000000f7300000)
  to   space 32256K, 0% used [0x00000000f3400000,0x00000000f3400000,0x00000000f5380000)
 ParOldGen       total 122880K, used 41216K [0x0000000080000000, 0x0000000087800000, 0x00000000d5580000)
  object space 122880K, 33% used [0x0000000080000000,0x0000000082840030,0x0000000087800000)
 Metaspace       used 81262K, capacity 84662K, committed 84912K, reserved 1122304K
  class space    used 10667K, capacity 11400K, committed 11440K, reserved 1048576K
Event: 79.934 GC heap after
Heap after GC invocations=14 (full 3):
 PSYoungGen      total 522240K, used 32234K [0x00000000d5580000, 0x00000000fdb00000, 0x0000000100000000)
  eden space 489984K, 0% used [0x00000000d5580000,0x00000000d5580000,0x00000000f3400000)
  from space 32256K, 99% used [0x00000000f3400000,0x00000000f537aa10,0x00000000f5380000)
  to   space 38400K, 0% used [0x00000000fb580000,0x00000000fb580000,0x00000000fdb00000)
 ParOldGen       total 122880K, used 44265K [0x0000000080000000, 0x0000000087800000, 0x00000000d5580000)
  object space 122880K, 36% used [0x0000000080000000,0x0000000082b3a688,0x0000000087800000)
 Metaspace       used 81262K, capacity 84662K, committed 84912K, reserved 1122304K
  class space    used 10667K, capacity 11400K, committed 11440K, reserved 1048576K
}

Deoptimization events (10 events):
Event: 262.253 Thread 0x000000001b5d1800 Uncommon trap: reason=bimorphic action=maybe_recompile pc=0x0000000004720e24 method=java.io.DataInputStream.readChar()C @ 4
Event: 262.588 Thread 0x000000001f4e2000 Uncommon trap: reason=array_check action=maybe_recompile pc=0x0000000004558f60 method=com.google.common.collect.ImmutableSet.construct(I[Ljava/lang/Object;)Lcom/google/common/collect/ImmutableSet; @ 122
Event: 262.591 Thread 0x000000001f4e2000 Uncommon trap: reason=array_check action=maybe_recompile pc=0x0000000004558f60 method=com.google.common.collect.ImmutableSet.construct(I[Ljava/lang/Object;)Lcom/google/common/collect/ImmutableSet; @ 122
Event: 262.591 Thread 0x000000001f4e2000 Uncommon trap: reason=array_check action=maybe_recompile pc=0x0000000004558f60 method=com.google.common.collect.ImmutableSet.construct(I[Ljava/lang/Object;)Lcom/google/common/collect/ImmutableSet; @ 122
Event: 262.591 Thread 0x000000001f4e2000 Uncommon trap: reason=array_check action=maybe_recompile pc=0x0000000004558f60 method=com.google.common.collect.ImmutableSet.construct(I[Ljava/lang/Object;)Lcom/google/common/collect/ImmutableSet; @ 122
Event: 263.595 Thread 0x000000001f4e2000 Uncommon trap: reason=unstable_if action=reinterpret pc=0x00000000046a4210 method=java.io.ByteArrayInputStream.read()I @ 8
Event: 263.640 Thread 0x000000001f4e2000 Uncommon trap: reason=unstable_if action=reinterpret pc=0x0000000003f7e7fc method=com.google.common.collect.RegularImmutableSet.contains(Ljava/lang/Object;)Z @ 10
Event: 265.882 Thread 0x000000001f4e2000 Uncommon trap: reason=unstable_if action=reinterpret pc=0x0000000004769adc method=com.esotericsoftware.kryo.io.Output.writeBoolean(Z)V @ 8
Event: 267.266 Thread 0x000000001f4e3000 Uncommon trap: reason=unstable_if action=reinterpret pc=0x000000000408e710 method=com.esotericsoftware.kryo.io.Output.writeString(Ljava/lang/CharSequence;)V @ 50
Event: 334.626 Thread 0x000000001b879800 Uncommon trap: reason=class_check action=maybe_recompile pc=0x0000000004b65ce0 method=java.lang.reflect.Array.newInstance(Ljava/lang/Class;I)Ljava/lang/Object; @ 2

Classes redefined (0 events):
No events

Internal exceptions (10 events):
Event: 265.473 Thread 0x000000001f4e2000 Exception <a 'java/lang/ClassNotFoundException': build_99imwig2dyxv7q66oxziic8xh$_run_closure1$_closure4Customizer> (0x00000000e0dced30) thrown at [C:\src\AOSP-openjdk-git\hotspot\src\share\vm\classfile\systemDictionary.cpp, line 210]
Event: 265.475 Thread 0x000000001f4e2000 Exception <a 'java/lang/ClassNotFoundException': build_99imwig2dyxv7q66oxziic8xh$_run_closure1BeanInfo> (0x00000000e0df8f50) thrown at [C:\src\AOSP-openjdk-git\hotspot\src\share\vm\classfile\systemDictionary.cpp, line 210]
Event: 265.476 Thread 0x000000001f4e2000 Exception <a 'java/lang/ClassNotFoundException': build_99imwig2dyxv7q66oxziic8xh$_run_closure1Customizer> (0x00000000e0e0abc0) thrown at [C:\src\AOSP-openjdk-git\hotspot\src\share\vm\classfile\systemDictionary.cpp, line 210]
Event: 265.805 Thread 0x000000001f4e2000 Exception <a 'java/lang/reflect/InvocationTargetException'> (0x00000000e26ab4f8) thrown at [C:\src\AOSP-openjdk-git\hotspot\src\share\vm\runtime\reflection.cpp, line 1092]
Event: 267.248 Thread 0x000000001f4e2000 Exception <a 'sun/nio/fs/WindowsException'> (0x00000000e6c957c0) thrown at [C:\src\AOSP-openjdk-git\hotspot\src\share\vm\prims\jni.cpp, line 710]
Event: 334.620 Thread 0x000000001b879800 Exception <a 'java/lang/NoSuchMethodError': <clinit>> (0x00000000e6e249a0) thrown at [C:\src\AOSP-openjdk-git\hotspot\src\share\vm\prims\jni.cpp, line 1615]
Event: 334.630 Thread 0x000000001b879800 Exception <a 'java/lang/NoSuchMethodError': <clinit>> (0x00000000e6e43680) thrown at [C:\src\AOSP-openjdk-git\hotspot\src\share\vm\prims\jni.cpp, line 1615]
Event: 334.823 Thread 0x000000001b87f800 Exception <a 'java/lang/NoSuchMethodError': <clinit>> (0x00000000e72e8af0) thrown at [C:\src\AOSP-openjdk-git\hotspot\src\share\vm\prims\jni.cpp, line 1615]
Event: 334.830 Thread 0x000000001b87f800 Exception <a 'java/lang/NoSuchMethodError': <clinit>> (0x00000000e73e2b58) thrown at [C:\src\AOSP-openjdk-git\hotspot\src\share\vm\prims\jni.cpp, line 1615]
Event: 334.835 Thread 0x000000001b87f800 Exception <a 'java/lang/NoSuchMethodError': <clinit>> (0x00000000e73efd38) thrown at [C:\src\AOSP-openjdk-git\hotspot\src\share\vm\prims\jni.cpp, line 1615]

Events (10 events):
Event: 334.828 loading class org/gradle/tooling/model/Model
Event: 334.828 loading class org/gradle/tooling/model/Model done
Event: 334.830 loading class com/android/tools/idea/gradle/run/OutputBuildAction$PostBuildProjectModels
Event: 334.830 loading class com/android/tools/idea/gradle/run/OutputBuildAction$PostBuildProjectModels done
Event: 334.831 Thread 0x00000000175b3000 flushing nmethod 0x0000000002ad7510
Event: 334.834 loading class com/google/common/collect/ImmutableSet$SerializedForm
Event: 334.834 loading class com/google/common/collect/ImmutableSet$SerializedForm done
Event: 334.835 Thread 0x0000000017595800 flushing nmethod 0x0000000002d3b750
Event: 334.836 loading class com/google/common/collect/ImmutableList
Event: 334.836 loading class com/google/common/collect/ImmutableList done


Dynamic libraries:
0x00007ff6377c0000 - 0x00007ff6377f1000 	C:\Program Files\Android\Android Studio\jre\bin\java.exe
0x00007ffc1a190000 - 0x00007ffc1a33d000 	C:\Windows\SYSTEM32\ntdll.dll
0x00007ffc18da0000 - 0x00007ffc18ede000 	C:\Windows\system32\KERNEL32.DLL
0x00007ffc176f0000 - 0x00007ffc17805000 	C:\Windows\system32\KERNELBASE.dll
0x00007ffc19f80000 - 0x00007ffc1a02a000 	C:\Windows\system32\ADVAPI32.dll
0x00007ffc19b70000 - 0x00007ffc19ce7000 	C:\Windows\system32\USER32.dll
0x00007ffc153c0000 - 0x00007ffc1563a000 	C:\Windows\WinSxS\amd64_microsoft.windows.common-controls_6595b64144ccf1df_6.0.9600.17810_none_6240b9c7ecbd0bda\COMCTL32.dll
0x00007ffc19890000 - 0x00007ffc1993a000 	C:\Windows\system32\msvcrt.dll
0x00007ffc19820000 - 0x00007ffc19879000 	C:\Windows\SYSTEM32\sechost.dll
0x00007ffc191a0000 - 0x00007ffc192e1000 	C:\Windows\system32\RPCRT4.dll
0x00007ffc19050000 - 0x00007ffc1919b000 	C:\Windows\system32\GDI32.dll
0x00007ffc19010000 - 0x00007ffc19046000 	C:\Windows\system32\IMM32.DLL
0x00007ffc1a030000 - 0x00007ffc1a182000 	C:\Windows\system32\MSCTF.dll
0x00000000670d0000 - 0x00000000671a2000 	C:\Program Files\Android\Android Studio\jre\jre\bin\msvcr100.dll
0x0000000065250000 - 0x0000000065a9b000 	C:\Program Files\Android\Android Studio\jre\jre\bin\server\jvm.dll
0x00007ffc0d220000 - 0x00007ffc0d229000 	C:\Windows\SYSTEM32\WSOCK32.dll
0x00007ffc12b90000 - 0x00007ffc12bb2000 	C:\Windows\SYSTEM32\WINMM.dll
0x00007ffc11fc0000 - 0x00007ffc11fca000 	C:\Windows\SYSTEM32\VERSION.dll
0x00007ffc19950000 - 0x00007ffc19957000 	C:\Windows\system32\PSAPI.DLL
0x00007ffc17810000 - 0x00007ffc1786a000 	C:\Windows\system32\WS2_32.dll
0x00007ffc12b60000 - 0x00007ffc12b8a000 	C:\Windows\SYSTEM32\WINMMBASE.dll
0x00007ffc19880000 - 0x00007ffc19889000 	C:\Windows\system32\NSI.dll
0x00007ffc176a0000 - 0x00007ffc176ef000 	C:\Windows\SYSTEM32\cfgmgr32.dll
0x00007ffc160e0000 - 0x00007ffc16108000 	C:\Windows\SYSTEM32\DEVOBJ.dll
0x00007ffc15100000 - 0x00007ffc1510f000 	C:\Program Files\Android\Android Studio\jre\jre\bin\verify.dll
0x00007ffc14d80000 - 0x00007ffc14da9000 	C:\Program Files\Android\Android Studio\jre\jre\bin\java.dll
0x00007ffc14d60000 - 0x00007ffc14d76000 	C:\Program Files\Android\Android Studio\jre\jre\bin\zip.dll
0x00007ffc17870000 - 0x00007ffc18d99000 	C:\Windows\system32\SHELL32.dll
0x00007ffc19600000 - 0x00007ffc19812000 	C:\Windows\SYSTEM32\combase.dll
0x00007ffc195a0000 - 0x00007ffc195f4000 	C:\Windows\system32\SHLWAPI.dll
0x00007ffc15840000 - 0x00007ffc158f2000 	C:\Windows\SYSTEM32\SHCORE.dll
0x00007ffc172e0000 - 0x00007ffc172f5000 	C:\Windows\SYSTEM32\profapi.dll
0x00007ffc14db0000 - 0x00007ffc14dca000 	C:\Program Files\Android\Android Studio\jre\jre\bin\net.dll
0x00007ffc16ae0000 - 0x00007ffc16b39000 	C:\Windows\system32\mswsock.dll
0x00007ffc14d00000 - 0x00007ffc14d13000 	C:\Program Files\Android\Android Studio\jre\jre\bin\nio.dll
0x00007ffc147e0000 - 0x00007ffc14806000 	C:\Users\SHADOWRATH\.gradle\native\31\windows-amd64\native-platform.dll
0x00007ffc14fc0000 - 0x00007ffc14fcd000 	C:\Program Files\Android\Android Studio\jre\jre\bin\management.dll
0x00007ffc16b40000 - 0x00007ffc16b60000 	C:\Windows\SYSTEM32\CRYPTSP.dll
0x00007ffc16760000 - 0x00007ffc16796000 	C:\Windows\system32\rsaenh.dll
0x00007ffc16df0000 - 0x00007ffc16e16000 	C:\Windows\SYSTEM32\bcrypt.dll
0x00007ffc16870000 - 0x00007ffc16891000 	C:\Windows\SYSTEM32\USERENV.dll
0x00007ffc170e0000 - 0x00007ffc17143000 	C:\Windows\system32\bcryptprimitives.dll
0x00007ffc17150000 - 0x00007ffc1715b000 	C:\Windows\SYSTEM32\CRYPTBASE.dll
0x00007ffc11d60000 - 0x00007ffc11d8a000 	C:\Windows\SYSTEM32\IPHLPAPI.DLL
0x00007ffc11d50000 - 0x00007ffc11d5a000 	C:\Windows\SYSTEM32\WINNSI.DLL
0x00007ffc0fd40000 - 0x00007ffc0fd56000 	C:\Windows\SYSTEM32\dhcpcsvc6.DLL
0x00007ffc10350000 - 0x00007ffc1036a000 	C:\Windows\SYSTEM32\dhcpcsvc.DLL
0x00007ffc11fd0000 - 0x00007ffc12002000 	C:\Windows\SYSTEM32\ntmarta.dll
0x00007ffc13b00000 - 0x00007ffc13b24000 	C:\Program Files\Android\Android Studio\jre\jre\bin\sunec.dll
0x00007ffc168e0000 - 0x00007ffc16984000 	C:\Windows\SYSTEM32\DNSAPI.dll
0x00007ffbf9ba0000 - 0x00007ffbf9baa000 	C:\Windows\System32\rasadhlp.dll
0x00007ffc103f0000 - 0x00007ffc1045b000 	C:\Windows\System32\fwpuclnt.dll
0x00007ffc14f90000 - 0x00007ffc14f9b000 	C:\Program Files\Android\Android Studio\jre\jre\bin\sunmscapi.dll
0x00007ffc17410000 - 0x00007ffc175ef000 	C:\Windows\system32\CRYPT32.dll
0x00007ffc17390000 - 0x00007ffc173a1000 	C:\Windows\system32\MSASN1.dll

VM Arguments:
jvm_args: -Xmx2048m -Dfile.encoding=windows-1252 -Duser.country=US -Duser.language=en -Duser.variant 
java_command: org.gradle.launcher.daemon.bootstrap.GradleDaemon 6.1.1
java_class_path (initial): C:\Users\SHADOWRATH\.gradle\wrapper\dists\gradle-6.1.1-all\cfmwm155h49vnt3hynmlrsdst\gradle-6.1.1\lib\gradle-launcher-6.1.1.jar
Launcher Type: SUN_STANDARD

Environment Variables:
PATH=C:\Program Files\Microsoft MPI\Bin\;C:\Program Files\Dell\DW WLAN Card;C:\Windows\system32;C:\Windows;C:\Windows\System32\Wbem;C:\Windows\System32\WindowsPowerShell\v1.0\;C:\Program Files\WIDCOMM\Bluetooth Software\;C:\Program Files\WIDCOMM\Bluetooth Software\syswow64;C:\Program Files (x86)\NVIDIA Corporation\PhysX\Common;C:\Program Files\Microsoft SQL Server\Client SDK\ODBC\130\Tools\Binn\;C:\Program Files (x86)\Microsoft SQL Server\140\Tools\Binn\;C:\Program Files\Microsoft SQL Server\140\Tools\Binn\;C:\Program Files\Microsoft SQL Server\140\DTS\Binn\;C:\Program Files (x86)\Microsoft SQL Server\150\DTS\Binn\;C:\Program Files (x86)\Microsoft SQL Server\140\DTS\Binn\;C:\Program Files\NVIDIA Corporation\NVIDIA NvDLISR\;C:\Program Files\Java\jdk13\bin;C:\Program Files\NVIDIA Corporation\NVIDIA NvDLISR;C:\Program Files\Git\cmd;C:\Program Files\MySQL\MySQL Shell 8.0\bin\;C:\Program Files\java\jdk-13.0.2\bin
USERNAME=SHADOWRATH
OS=Windows_NT
PROCESSOR_IDENTIFIER=Intel64 Family 6 Model 61 Stepping 4, GenuineIntel



---------------  S Y S T E M  ---------------

OS: Windows 8.1 , 64 bit Build 9600 (6.3.9600.17415)

CPU:total 4 (initial active 4) (2 cores per cpu, 2 threads per core) family 6 model 61 stepping 4, cmov, cx8, fxsr, mmx, sse, sse2, sse3, ssse3, sse4.1, sse4.2, popcnt, avx, avx2, aes, clmul, erms, 3dnowpref, lzcnt, ht, tsc, tscinvbit, bmi1, bmi2, adx

Memory: 4k page, physical 8297700k(1206164k free), swap 11369700k(11244k free)

vm_info: OpenJDK 64-Bit Server VM (25.242-b01) for windows-amd64 JRE (1.8.0_242-release-1644-b01), built by "builder" with MS VC++ 10.0 (VS2010)

time: Sun Oct 04 02:14:38 2020
timezone: Sri Lanka Standard Time
elapsed time: 334 seconds (0d 0h 5m 34s)

