#
# There is insufficient memory for the Java Runtime Environment to continue.
# Native memory allocation (malloc) failed to allocate 1159696 bytes for Chunk::new
# Possible reasons:
#   The system is out of physical RAM or swap space
#   The process is running with CompressedOops enabled, and the Java Heap may be blocking the growth of the native heap
# Possible solutions:
#   Reduce memory load on the system
#   Increase physical memory or swap space
#   Check if swap backing store is full
#   Decrease Java heap size (-Xmx/-Xms)
#   Decrease number of Java threads
#   Decrease Java thread stack sizes (-Xss)
#   Set larger code cache with -XX:ReservedCodeCacheSize=
#   JVM is running with Unscaled Compressed Oops mode in which the Java heap is
#     placed in the first 4GB address space. The Java Heap base address is the
#     maximum limit for the native heap growth. Please use -XX:HeapBaseMinAddress
#     to set the Java Heap base and to place the Java Heap above 4GB virtual address.
# This output file may be truncated or incomplete.
#
#  Out of Memory Error (allocation.cpp:389), pid=174624, tid=0x0000000000027f28
#
# JRE version: OpenJDK Runtime Environment (8.0_242-b01) (build 1.8.0_242-release-1644-b01)
# Java VM: OpenJDK 64-Bit Server VM (25.242-b01 mixed mode windows-amd64 compressed oops)
# Failed to write core dump. Minidumps are not enabled by default on client versions of Windows
#

---------------  T H R E A D  ---------------

Current thread (0x0000000017637800):  JavaThread "C2 CompilerThread0" daemon [_thread_in_native, id=163624, stack(0x0000000018dc0000,0x0000000018ec0000)]

Stack: [0x0000000018dc0000,0x0000000018ec0000]
[error occurred during error reporting (printing stack bounds), id 0xc0000005]

Native frames: (J=compiled Java code, j=interpreted, Vv=VM code, C=native code)


Current CompileTask:
C2:  17554 8784       4       com.android.tools.r8.graph.f0::collectIndexedItems (36 bytes)


---------------  P R O C E S S  ---------------

Java Threads: ( => current thread )
  0x000000001b9cc800 JavaThread "ForkJoinPool-1-worker-0" daemon [_thread_blocked, id=156316, stack(0x0000000025a80000,0x0000000025b80000)]
  0x000000001b9c9800 JavaThread "ForkJoinPool-1-worker-3" daemon [_thread_in_vm, id=165612, stack(0x0000000025980000,0x0000000025a80000)]
  0x000000001b9c8000 JavaThread "ForkJoinPool-1-worker-2" daemon [_thread_blocked, id=157320, stack(0x0000000025880000,0x0000000025980000)]
  0x000000001b9c8800 JavaThread "ForkJoinPool-1-worker-1" daemon [_thread_blocked, id=167424, stack(0x0000000025780000,0x0000000025880000)]
  0x000000001b9c6000 JavaThread "WorkerExecutor Queue" [_thread_blocked, id=175408, stack(0x0000000025480000,0x0000000025580000)]
  0x000000001e0d1000 JavaThread "Cache worker for execution history cache (C:\Users\SHADOWRATH\AndroidStudioProjects\FoodieApp\.gradle\6.1.1\executionHistory)" [_thread_blocked, id=168496, stack(0x0000000024d30000,0x0000000024e30000)]
  0x000000001e0ce000 JavaThread "Execution worker for ':' Thread 3" [_thread_blocked, id=150712, stack(0x0000000024a20000,0x0000000024b20000)]
  0x000000001e0cf800 JavaThread "Execution worker for ':' Thread 2" [_thread_blocked, id=169572, stack(0x0000000024920000,0x0000000024a20000)]
  0x000000001e0cd000 JavaThread "Execution worker for ':'" [_thread_blocked, id=176716, stack(0x0000000024820000,0x0000000024920000)]
  0x000000001e0d0000 JavaThread "Cache worker for file content cache (C:\Users\SHADOWRATH\AndroidStudioProjects\FoodieApp\.gradle\6.1.1\fileContent)" [_thread_blocked, id=82840, stack(0x0000000024720000,0x0000000024820000)]
  0x000000001e0c9800 JavaThread "Cache worker for file content cache (C:\Users\SHADOWRATH\.gradle\caches\6.1.1\fileContent)" [_thread_blocked, id=170296, stack(0x00000000241c0000,0x00000000242c0000)]
  0x000000001e0cc800 JavaThread "Memory manager" [_thread_blocked, id=159120, stack(0x00000000237e0000,0x00000000238e0000)]
  0x000000001e0ca000 JavaThread "Cache worker for Build Output Cleanup Cache (C:\Users\SHADOWRATH\AndroidStudioProjects\FoodieApp\.gradle\buildOutputCleanup)" [_thread_blocked, id=112080, stack(0x00000000236e0000,0x00000000237e0000)]
  0x000000001e0c7000 JavaThread "Build operations Thread 4" [_thread_blocked, id=170916, stack(0x00000000231e0000,0x00000000232e0000)]
  0x000000001e0c6800 JavaThread "Build operations Thread 3" [_thread_blocked, id=176584, stack(0x0000000022e60000,0x0000000022f60000)]
  0x000000001e0c2800 JavaThread "Build operations Thread 2" [_thread_blocked, id=148836, stack(0x0000000022d60000,0x0000000022e60000)]
  0x000000001e0c5000 JavaThread "Build operations" [_thread_blocked, id=164736, stack(0x000000001fff0000,0x00000000200f0000)]
  0x000000001b41b000 JavaThread "Cache worker for execution history cache (C:\Users\SHADOWRATH\.gradle\caches\6.1.1\executionHistory)" [_thread_blocked, id=153768, stack(0x000000001fb40000,0x000000001fc40000)]
  0x000000001b41c800 JavaThread "Cache worker for cache directory md-rule (C:\Users\SHADOWRATH\.gradle\caches\6.1.1\md-rule)" [_thread_blocked, id=167564, stack(0x000000001fa40000,0x000000001fb40000)]
  0x000000001b416800 JavaThread "Cache worker for cache directory md-supplier (C:\Users\SHADOWRATH\.gradle\caches\6.1.1\md-supplier)" [_thread_blocked, id=169728, stack(0x000000001f940000,0x000000001fa40000)]
  0x000000001b417000 JavaThread "Cache worker for file hash cache (C:\Users\SHADOWRATH\AndroidStudioProjects\FoodieApp\.gradle\6.1.1\fileHashes)" [_thread_blocked, id=166840, stack(0x000000001fcf0000,0x000000001fdf0000)]
  0x000000001b419800 JavaThread "Cache worker for checksums cache (C:\Users\SHADOWRATH\AndroidStudioProjects\FoodieApp\.gradle\checksums)" [_thread_blocked, id=171612, stack(0x000000001e600000,0x000000001e700000)]
  0x000000001b418000 JavaThread "Cache worker for file hash cache (C:\Users\SHADOWRATH\.gradle\caches\6.1.1\fileHashes)" [_thread_blocked, id=175664, stack(0x000000001d430000,0x000000001d530000)]
  0x000000001b418800 JavaThread "File lock request listener" [_thread_in_native, id=176832, stack(0x000000001d330000,0x000000001d430000)]
  0x000000001b605800 JavaThread "Cache worker for journal cache (C:\Users\SHADOWRATH\.gradle\caches\journal-1)" [_thread_blocked, id=171556, stack(0x000000001d230000,0x000000001d330000)]
  0x000000001b344000 JavaThread "Thread-9" [_thread_blocked, id=170372, stack(0x000000001cf30000,0x000000001d030000)]
  0x000000001b32e000 JavaThread "Stdin handler" [_thread_blocked, id=171192, stack(0x000000001ce30000,0x000000001cf30000)]
  0x000000001b32d000 JavaThread "Asynchronous log dispatcher for DefaultDaemonConnection: socket connection from /127.0.0.1:9644 to /127.0.0.1:9645" [_thread_blocked, id=83724, stack(0x000000001cd30000,0x000000001ce30000)]
  0x000000001b310000 JavaThread "Daemon worker" [_thread_blocked, id=163792, stack(0x000000001cc30000,0x000000001cd30000)]
  0x000000001b30a800 JavaThread "Cancel handler" [_thread_blocked, id=166048, stack(0x000000001cb30000,0x000000001cc30000)]
  0x000000001b2a0000 JavaThread "Handler for socket connection from /127.0.0.1:9644 to /127.0.0.1:9645" [_thread_in_native, id=167084, stack(0x000000001c830000,0x000000001c930000)]
  0x000000001b29f800 JavaThread "Daemon" [_thread_blocked, id=175020, stack(0x000000001c730000,0x000000001c830000)]
  0x000000001b27c000 JavaThread "Daemon periodic checks" [_thread_blocked, id=75252, stack(0x000000001c630000,0x000000001c730000)]
  0x000000001b27b000 JavaThread "Incoming local TCP Connector on port 9644" [_thread_in_native, id=169528, stack(0x000000001c440000,0x000000001c540000)]
  0x00000000196f7000 JavaThread "Daemon health stats" [_thread_blocked, id=82000, stack(0x000000001be60000,0x000000001bf60000)]
  0x000000001768d800 JavaThread "Service Thread" daemon [_thread_blocked, id=102100, stack(0x00000000194c0000,0x00000000195c0000)]
  0x000000001764b800 JavaThread "C1 CompilerThread2" daemon [_thread_in_native, id=169624, stack(0x0000000018fc0000,0x00000000190c0000)]
  0x0000000017639800 JavaThread "C2 CompilerThread1" daemon [_thread_in_native, id=155840, stack(0x0000000018ec0000,0x0000000018fc0000)]
=>0x0000000017637800 JavaThread "C2 CompilerThread0" daemon [_thread_in_native, id=163624, stack(0x0000000018dc0000,0x0000000018ec0000)]
  0x0000000017635000 JavaThread "Attach Listener" daemon [_thread_blocked, id=170656, stack(0x0000000018cc0000,0x0000000018dc0000)]
  0x0000000017634000 JavaThread "Signal Dispatcher" daemon [_thread_blocked, id=167008, stack(0x0000000018bc0000,0x0000000018cc0000)]
  0x0000000002a0b800 JavaThread "Finalizer" daemon [_thread_blocked, id=175168, stack(0x0000000018890000,0x0000000018990000)]
  0x0000000017619000 JavaThread "Reference Handler" daemon [_thread_blocked, id=82460, stack(0x0000000018790000,0x0000000018890000)]
  0x0000000002912800 JavaThread "main" [_thread_blocked, id=174068, stack(0x0000000002810000,0x0000000002910000)]

Other Threads:
  0x00000000175f5800 VMThread [stack: 0x0000000018690000,0x0000000018790000] [id=170392]
  0x000000001768e800 WatcherThread [stack: 0x00000000195c0000,0x00000000196c0000] [id=174476]

VM state:not at safepoint (normal execution)

VM Mutex/Monitor currently owned by a thread:  ([mutex/lock_event])
[0x000000000277c830] CodeCache_lock - owner thread: 0x000000001764b800

heap address: 0x0000000080000000, size: 2048 MB, Compressed Oops mode: 32-bit
Narrow klass base: 0x0000000000000000, Narrow klass shift: 3
Compressed class space size: 1073741824 Address: 0x0000000100000000

Heap:
 PSYoungGen      total 419328K, used 324929K [0x00000000d5580000, 0x00000000f9880000, 0x0000000100000000)
  eden space 395264K, 82% used [0x00000000d5580000,0x00000000e92d0568,0x00000000ed780000)
  from space 24064K, 0% used [0x00000000ed780000,0x00000000ed780000,0x00000000eef00000)
  to   space 26112K, 0% used [0x00000000f7f00000,0x00000000f7f00000,0x00000000f9880000)
 ParOldGen       total 115712K, used 32846K [0x0000000080000000, 0x0000000087100000, 0x00000000d5580000)
  object space 115712K, 28% used [0x0000000080000000,0x0000000082013af8,0x0000000087100000)
 Metaspace       used 67762K, capacity 70816K, committed 71088K, reserved 1110016K
  class space    used 9405K, capacity 10044K, committed 10160K, reserved 1048576K

Card table byte_map: [0x0000000011dd0000,0x00000000121e0000] byte_map_base: 0x00000000119d0000

Marking Bits: (ParMarkBitMap*) 0x0000000065a1f030
 Begin Bits: [0x0000000012890000, 0x0000000014890000)
 End Bits:   [0x0000000014890000, 0x0000000016890000)

Polling page: 0x00000000026d0000

CodeCache: size=245760Kb used=25087Kb max_used=25505Kb free=220672Kb
 bounds [0x0000000002a10000, 0x0000000004310000, 0x0000000011a10000]
 total_blobs=8813 nmethods=8012 adapters=714
 compilation: enabled

Compilation events (10 events):
Event: 17.543 Thread 0x000000001764b800 9043       2       com.android.tools.r8.v.a.a.a.h.F0$b::next (13 bytes)
Event: 17.543 Thread 0x000000001764b800 nmethod 9043 0x00000000035d5550 code [0x00000000035d56c0, 0x00000000035d5868]
Event: 17.543 Thread 0x000000001764b800 9045       2       com.android.tools.r8.dex.t::a (30 bytes)
Event: 17.543 Thread 0x000000001764b800 nmethod 9045 0x00000000030aa2d0 code [0x00000000030aa440, 0x00000000030aa618]
Event: 17.543 Thread 0x000000001764b800 9044       2       com.android.tools.r8.v.a.a.a.h.F0$f::h (63 bytes)
Event: 17.543 Thread 0x000000001764b800 nmethod 9044 0x0000000002e4ed10 code [0x0000000002e4ee80, 0x0000000002e4f0e8]
Event: 17.550 Thread 0x000000001764b800 9046       2       com.android.tools.r8.dex.t::a (19 bytes)
Event: 17.550 Thread 0x000000001764b800 nmethod 9046 0x00000000034872d0 code [0x0000000003487440, 0x0000000003487658]
Event: 17.550 Thread 0x000000001764b800 9047       2       com.android.tools.r8.graph.g0::b (14 bytes)
Event: 17.550 Thread 0x000000001764b800 nmethod 9047 0x000000000393e890 code [0x000000000393e9e0, 0x000000000393eb50]

GC Heap History (10 events):
Event: 5.025 GC heap before
{Heap before GC invocations=8 (full 1):
 PSYoungGen      total 247296K, used 63067K [0x00000000d5580000, 0x00000000e7380000, 0x0000000100000000)
  eden space 233984K, 21% used [0x00000000d5580000,0x00000000d861be88,0x00000000e3a00000)
  from space 13312K, 99% used [0x00000000e6680000,0x00000000e737aeb0,0x00000000e7380000)
  to   space 15872K, 0% used [0x00000000e5480000,0x00000000e5480000,0x00000000e6400000)
 ParOldGen       total 59904K, used 12167K [0x0000000080000000, 0x0000000083a80000, 0x00000000d5580000)
  object space 59904K, 20% used [0x0000000080000000,0x0000000080be1d68,0x0000000083a80000)
 Metaspace       used 34603K, capacity 35414K, committed 35496K, reserved 1079296K
  class space    used 4744K, capacity 4972K, committed 5040K, reserved 1048576K
Event: 5.035 GC heap after
Heap after GC invocations=8 (full 1):
 PSYoungGen      total 276992K, used 8613K [0x00000000d5580000, 0x00000000efe00000, 0x0000000100000000)
  eden space 261120K, 0% used [0x00000000d5580000,0x00000000d5580000,0x00000000e5480000)
  from space 15872K, 54% used [0x00000000e5480000,0x00000000e5ce9440,0x00000000e6400000)
  to   space 15360K, 0% used [0x00000000eef00000,0x00000000eef00000,0x00000000efe00000)
 ParOldGen       total 59904K, used 12175K [0x0000000080000000, 0x0000000083a80000, 0x00000000d5580000)
  object space 59904K, 20% used [0x0000000080000000,0x0000000080be3d68,0x0000000083a80000)
 Metaspace       used 34603K, capacity 35414K, committed 35496K, reserved 1079296K
  class space    used 4744K, capacity 4972K, committed 5040K, reserved 1048576K
}
Event: 5.035 GC heap before
{Heap before GC invocations=9 (full 2):
 PSYoungGen      total 276992K, used 8613K [0x00000000d5580000, 0x00000000efe00000, 0x0000000100000000)
  eden space 261120K, 0% used [0x00000000d5580000,0x00000000d5580000,0x00000000e5480000)
  from space 15872K, 54% used [0x00000000e5480000,0x00000000e5ce9440,0x00000000e6400000)
  to   space 15360K, 0% used [0x00000000eef00000,0x00000000eef00000,0x00000000efe00000)
 ParOldGen       total 59904K, used 12175K [0x0000000080000000, 0x0000000083a80000, 0x00000000d5580000)
  object space 59904K, 20% used [0x0000000080000000,0x0000000080be3d68,0x0000000083a80000)
 Metaspace       used 34603K, capacity 35414K, committed 35496K, reserved 1079296K
  class space    used 4744K, capacity 4972K, committed 5040K, reserved 1048576K
Event: 5.112 GC heap after
Heap after GC invocations=9 (full 2):
 PSYoungGen      total 276992K, used 0K [0x00000000d5580000, 0x00000000efe00000, 0x0000000100000000)
  eden space 261120K, 0% used [0x00000000d5580000,0x00000000d5580000,0x00000000e5480000)
  from space 15872K, 0% used [0x00000000e5480000,0x00000000e5480000,0x00000000e6400000)
  to   space 15360K, 0% used [0x00000000eef00000,0x00000000eef00000,0x00000000efe00000)
 ParOldGen       total 77824K, used 15260K [0x0000000080000000, 0x0000000084c00000, 0x00000000d5580000)
  object space 77824K, 19% used [0x0000000080000000,0x0000000080ee7008,0x0000000084c00000)
 Metaspace       used 34603K, capacity 35414K, committed 35496K, reserved 1079296K
  class space    used 4744K, capacity 4972K, committed 5040K, reserved 1048576K
}
Event: 8.975 GC heap before
{Heap before GC invocations=10 (full 2):
 PSYoungGen      total 276992K, used 261120K [0x00000000d5580000, 0x00000000efe00000, 0x0000000100000000)
  eden space 261120K, 100% used [0x00000000d5580000,0x00000000e5480000,0x00000000e5480000)
  from space 15872K, 0% used [0x00000000e5480000,0x00000000e5480000,0x00000000e6400000)
  to   space 15360K, 0% used [0x00000000eef00000,0x00000000eef00000,0x00000000efe00000)
 ParOldGen       total 77824K, used 15260K [0x0000000080000000, 0x0000000084c00000, 0x00000000d5580000)
  object space 77824K, 19% used [0x0000000080000000,0x0000000080ee7008,0x0000000084c00000)
 Metaspace       used 54073K, capacity 56050K, committed 56240K, reserved 1097728K
  class space    used 7355K, capacity 7821K, committed 7856K, reserved 1048576K
Event: 9.010 GC heap after
Heap after GC invocations=10 (full 2):
 PSYoungGen      total 410624K, used 15340K [0x00000000d5580000, 0x00000000f1a00000, 0x0000000100000000)
  eden space 395264K, 0% used [0x00000000d5580000,0x00000000d5580000,0x00000000ed780000)
  from space 15360K, 99% used [0x00000000eef00000,0x00000000efdfb320,0x00000000efe00000)
  to   space 24064K, 0% used [0x00000000ed780000,0x00000000ed780000,0x00000000eef00000)
 ParOldGen       total 77824K, used 30157K [0x0000000080000000, 0x0000000084c00000, 0x00000000d5580000)
  object space 77824K, 38% used [0x0000000080000000,0x0000000081d734c8,0x0000000084c00000)
 Metaspace       used 54073K, capacity 56050K, committed 56240K, reserved 1097728K
  class space    used 7355K, capacity 7821K, committed 7856K, reserved 1048576K
}
Event: 9.538 GC heap before
{Heap before GC invocations=11 (full 2):
 PSYoungGen      total 410624K, used 59453K [0x00000000d5580000, 0x00000000f1a00000, 0x0000000100000000)
  eden space 395264K, 11% used [0x00000000d5580000,0x00000000d80944a0,0x00000000ed780000)
  from space 15360K, 99% used [0x00000000eef00000,0x00000000efdfb320,0x00000000efe00000)
  to   space 24064K, 0% used [0x00000000ed780000,0x00000000ed780000,0x00000000eef00000)
 ParOldGen       total 77824K, used 30157K [0x0000000080000000, 0x0000000084c00000, 0x00000000d5580000)
  object space 77824K, 38% used [0x0000000080000000,0x0000000081d734c8,0x0000000084c00000)
 Metaspace       used 56977K, capacity 59040K, committed 59160K, reserved 1099776K
  class space    used 7820K, capacity 8298K, committed 8368K, reserved 1048576K
Event: 9.568 GC heap after
Heap after GC invocations=11 (full 2):
 PSYoungGen      total 419328K, used 18707K [0x00000000d5580000, 0x00000000f9880000, 0x0000000100000000)
  eden space 395264K, 0% used [0x00000000d5580000,0x00000000d5580000,0x00000000ed780000)
  from space 24064K, 77% used [0x00000000ed780000,0x00000000ee9c4c40,0x00000000eef00000)
  to   space 26112K, 0% used [0x00000000f7f00000,0x00000000f7f00000,0x00000000f9880000)
 ParOldGen       total 77824K, used 30229K [0x0000000080000000, 0x0000000084c00000, 0x00000000d5580000)
  object space 77824K, 38% used [0x0000000080000000,0x0000000081d854d8,0x0000000084c00000)
 Metaspace       used 56977K, capacity 59040K, committed 59160K, reserved 1099776K
  class space    used 7820K, capacity 8298K, committed 8368K, reserved 1048576K
}
Event: 9.568 GC heap before
{Heap before GC invocations=12 (full 3):
 PSYoungGen      total 419328K, used 18707K [0x00000000d5580000, 0x00000000f9880000, 0x0000000100000000)
  eden space 395264K, 0% used [0x00000000d5580000,0x00000000d5580000,0x00000000ed780000)
  from space 24064K, 77% used [0x00000000ed780000,0x00000000ee9c4c40,0x00000000eef00000)
  to   space 26112K, 0% used [0x00000000f7f00000,0x00000000f7f00000,0x00000000f9880000)
 ParOldGen       total 77824K, used 30229K [0x0000000080000000, 0x0000000084c00000, 0x00000000d5580000)
  object space 77824K, 38% used [0x0000000080000000,0x0000000081d854d8,0x0000000084c00000)
 Metaspace       used 56977K, capacity 59040K, committed 59160K, reserved 1099776K
  class space    used 7820K, capacity 8298K, committed 8368K, reserved 1048576K
Event: 9.846 GC heap after
Heap after GC invocations=12 (full 3):
 PSYoungGen      total 419328K, used 0K [0x00000000d5580000, 0x00000000f9880000, 0x0000000100000000)
  eden space 395264K, 0% used [0x00000000d5580000,0x00000000d5580000,0x00000000ed780000)
  from space 24064K, 0% used [0x00000000ed780000,0x00000000ed780000,0x00000000eef00000)
  to   space 26112K, 0% used [0x00000000f7f00000,0x00000000f7f00000,0x00000000f9880000)
 ParOldGen       total 115712K, used 32846K [0x0000000080000000, 0x0000000087100000, 0x00000000d5580000)
  object space 115712K, 28% used [0x0000000080000000,0x0000000082013af8,0x0000000087100000)
 Metaspace       used 56970K, capacity 59016K, committed 59160K, reserved 1099776K
  class space    used 7818K, capacity 8294K, committed 8368K, reserved 1048576K
}

Deoptimization events (10 events):
Event: 17.065 Thread 0x000000001b9c8000 Uncommon trap: reason=unstable_if action=reinterpret pc=0x00000000033f7030 method=java.util.Arrays.hashCode([Ljava/lang/Object;)I @ 1
Event: 17.403 Thread 0x000000001b9c6000 Uncommon trap: reason=class_check action=maybe_recompile pc=0x00000000042bb370 method=com.android.tools.r8.graph.V.a([Lcom/android/tools/r8/graph/V;Ljava/util/function/Consumer;)V @ 27
Event: 17.403 Thread 0x000000001b9c6000 Uncommon trap: reason=class_check action=maybe_recompile pc=0x00000000042bb370 method=com.android.tools.r8.graph.V.a([Lcom/android/tools/r8/graph/V;Ljava/util/function/Consumer;)V @ 27
Event: 17.403 Thread 0x000000001b9c6000 Uncommon trap: reason=class_check action=maybe_recompile pc=0x00000000042bb370 method=com.android.tools.r8.graph.V.a([Lcom/android/tools/r8/graph/V;Ljava/util/function/Consumer;)V @ 27
Event: 17.403 Thread 0x000000001b9c6000 Uncommon trap: reason=class_check action=maybe_recompile pc=0x00000000042bb370 method=com.android.tools.r8.graph.V.a([Lcom/android/tools/r8/graph/V;Ljava/util/function/Consumer;)V @ 27
Event: 17.404 Thread 0x000000001b9c6000 Uncommon trap: reason=predicate action=maybe_recompile pc=0x00000000042e7a48 method=java.util.TimSort.binarySort([Ljava/lang/Object;IIILjava/util/Comparator;)V @ 37
Event: 17.460 Thread 0x000000001b9c9800 Uncommon trap: reason=class_check action=maybe_recompile pc=0x00000000042fa70c method=java.util.TimSort.mergeLo(IIII)V @ 189
Event: 17.460 Thread 0x000000001b9c9800 Uncommon trap: reason=class_check action=maybe_recompile pc=0x00000000042fa70c method=java.util.TimSort.mergeLo(IIII)V @ 189
Event: 17.461 Thread 0x000000001b9c9800 Uncommon trap: reason=class_check action=maybe_recompile pc=0x00000000042fa70c method=java.util.TimSort.mergeLo(IIII)V @ 189
Event: 17.461 Thread 0x000000001b9c9800 Uncommon trap: reason=class_check action=maybe_recompile pc=0x00000000042fa70c method=java.util.TimSort.mergeLo(IIII)V @ 189

Classes redefined (0 events):
No events

Internal exceptions (10 events):
Event: 14.059 Thread 0x000000001e0ce000 Exception <a 'sun/nio/fs/WindowsException'> (0x00000000e2bb3db0) thrown at [C:\src\AOSP-openjdk-git\hotspot\src\share\vm\prims\jni.cpp, line 710]
Event: 14.059 Thread 0x000000001e0ce000 Exception <a 'sun/nio/fs/WindowsException'> (0x00000000e2bb4b00) thrown at [C:\src\AOSP-openjdk-git\hotspot\src\share\vm\prims\jni.cpp, line 710]
Event: 14.767 Thread 0x000000001e0ce000 Exception <a 'java/lang/NoSuchMethodError': <clinit>> (0x00000000e5c694b0) thrown at [C:\src\AOSP-openjdk-git\hotspot\src\share\vm\prims\jni.cpp, line 1615]
Event: 14.769 Thread 0x000000001e0ce000 Exception <a 'java/lang/NoSuchMethodError': <clinit>> (0x00000000e5c7cb68) thrown at [C:\src\AOSP-openjdk-git\hotspot\src\share\vm\prims\jni.cpp, line 1615]
Event: 14.867 Thread 0x000000001e0cf800 Implicit null exception at 0x0000000003606e08 to 0x00000000036076c5
Event: 16.757 Thread 0x000000001b9c6000 Exception <a 'sun/nio/fs/WindowsException'> (0x00000000e6a33f68) thrown at [C:\src\AOSP-openjdk-git\hotspot\src\share\vm\prims\jni.cpp, line 710]
Event: 17.060 Thread 0x000000001b9cc800 Implicit null exception at 0x00000000033f6f2f to 0x00000000033f7021
Event: 17.060 Thread 0x000000001b9c9800 Implicit null exception at 0x00000000033f6f2f to 0x00000000033f7021
Event: 17.060 Thread 0x000000001b9c8800 Implicit null exception at 0x00000000033f6f2f to 0x00000000033f7021
Event: 17.060 Thread 0x000000001b9c8000 Implicit null exception at 0x00000000033f6f2f to 0x00000000033f7021

Events (10 events):
Event: 17.540 loading class com/android/tools/r8/v/a/a/a/h/F0$b
Event: 17.540 loading class com/android/tools/r8/v/a/a/a/h/F0$b done
Event: 17.540 loading class com/android/tools/r8/v/a/a/a/h/F0$f
Event: 17.540 loading class com/android/tools/r8/v/a/a/a/h/F0$f done
Event: 17.550 loading class com/android/tools/r8/dex/F
Event: 17.550 loading class com/android/tools/r8/dex/F done
Event: 17.550 loading class com/android/tools/r8/dex/F
Event: 17.550 loading class com/android/tools/r8/dex/F done
Event: 17.550 loading class com/android/tools/r8/graph/v
Event: 17.550 loading class com/android/tools/r8/graph/v done


Dynamic libraries:
0x00007ff72bdd0000 - 0x00007ff72be01000 	C:\Program Files\Android\Android Studio\jre\bin\java.exe
0x00007ffc1a190000 - 0x00007ffc1a33d000 	C:\Windows\SYSTEM32\ntdll.dll
0x00007ffc18da0000 - 0x00007ffc18ede000 	C:\Windows\system32\KERNEL32.DLL
0x00007ffc176f0000 - 0x00007ffc17805000 	C:\Windows\system32\KERNELBASE.dll
0x00007ffc19f80000 - 0x00007ffc1a02a000 	C:\Windows\system32\ADVAPI32.dll
0x00007ffc19b70000 - 0x00007ffc19ce7000 	C:\Windows\system32\USER32.dll
0x00007ffc153c0000 - 0x00007ffc1563a000 	C:\Windows\WinSxS\amd64_microsoft.windows.common-controls_6595b64144ccf1df_6.0.9600.17810_none_6240b9c7ecbd0bda\COMCTL32.dll
0x00007ffc19890000 - 0x00007ffc1993a000 	C:\Windows\system32\msvcrt.dll
0x00007ffc19820000 - 0x00007ffc19879000 	C:\Windows\SYSTEM32\sechost.dll
0x00007ffc191a0000 - 0x00007ffc192e1000 	C:\Windows\system32\RPCRT4.dll
0x00007ffc19050000 - 0x00007ffc1919b000 	C:\Windows\system32\GDI32.dll
0x00007ffc19010000 - 0x00007ffc19046000 	C:\Windows\system32\IMM32.DLL
0x00007ffc1a030000 - 0x00007ffc1a182000 	C:\Windows\system32\MSCTF.dll
0x00000000670d0000 - 0x00000000671a2000 	C:\Program Files\Android\Android Studio\jre\jre\bin\msvcr100.dll
0x0000000065250000 - 0x0000000065a9b000 	C:\Program Files\Android\Android Studio\jre\jre\bin\server\jvm.dll
0x00007ffc0d220000 - 0x00007ffc0d229000 	C:\Windows\SYSTEM32\WSOCK32.dll
0x00007ffc12b90000 - 0x00007ffc12bb2000 	C:\Windows\SYSTEM32\WINMM.dll
0x00007ffc11fc0000 - 0x00007ffc11fca000 	C:\Windows\SYSTEM32\VERSION.dll
0x00007ffc19950000 - 0x00007ffc19957000 	C:\Windows\system32\PSAPI.DLL
0x00007ffc17810000 - 0x00007ffc1786a000 	C:\Windows\system32\WS2_32.dll
0x00007ffc12b60000 - 0x00007ffc12b8a000 	C:\Windows\SYSTEM32\WINMMBASE.dll
0x00007ffc19880000 - 0x00007ffc19889000 	C:\Windows\system32\NSI.dll
0x00007ffc176a0000 - 0x00007ffc176ef000 	C:\Windows\SYSTEM32\cfgmgr32.dll
0x00007ffc160e0000 - 0x00007ffc16108000 	C:\Windows\SYSTEM32\DEVOBJ.dll
0x00007ffc15340000 - 0x00007ffc1534f000 	C:\Program Files\Android\Android Studio\jre\jre\bin\verify.dll
0x00007ffc15220000 - 0x00007ffc15249000 	C:\Program Files\Android\Android Studio\jre\jre\bin\java.dll
0x00007ffc152d0000 - 0x00007ffc152e6000 	C:\Program Files\Android\Android Studio\jre\jre\bin\zip.dll
0x00007ffc17870000 - 0x00007ffc18d99000 	C:\Windows\system32\SHELL32.dll
0x00007ffc19600000 - 0x00007ffc19812000 	C:\Windows\SYSTEM32\combase.dll
0x00007ffc195a0000 - 0x00007ffc195f4000 	C:\Windows\system32\SHLWAPI.dll
0x00007ffc15840000 - 0x00007ffc158f2000 	C:\Windows\SYSTEM32\SHCORE.dll
0x00007ffc172e0000 - 0x00007ffc172f5000 	C:\Windows\SYSTEM32\profapi.dll
0x00007ffc150f0000 - 0x00007ffc1510a000 	C:\Program Files\Android\Android Studio\jre\jre\bin\net.dll
0x00007ffc16ae0000 - 0x00007ffc16b39000 	C:\Windows\system32\mswsock.dll
0x00007ffc14d70000 - 0x00007ffc14d83000 	C:\Program Files\Android\Android Studio\jre\jre\bin\nio.dll
0x00007ffc14f90000 - 0x00007ffc14fb6000 	C:\Users\SHADOWRATH\.gradle\native\31\windows-amd64\native-platform.dll
0x00007ffc14f80000 - 0x00007ffc14f8d000 	C:\Program Files\Android\Android Studio\jre\jre\bin\management.dll
0x00007ffc16b40000 - 0x00007ffc16b60000 	C:\Windows\SYSTEM32\CRYPTSP.dll
0x00007ffc16760000 - 0x00007ffc16796000 	C:\Windows\system32\rsaenh.dll
0x00007ffc16df0000 - 0x00007ffc16e16000 	C:\Windows\SYSTEM32\bcrypt.dll
0x00007ffc16870000 - 0x00007ffc16891000 	C:\Windows\SYSTEM32\USERENV.dll
0x00007ffc170e0000 - 0x00007ffc17143000 	C:\Windows\system32\bcryptprimitives.dll
0x00007ffc17150000 - 0x00007ffc1715b000 	C:\Windows\SYSTEM32\CRYPTBASE.dll
0x00007ffc11d60000 - 0x00007ffc11d8a000 	C:\Windows\SYSTEM32\IPHLPAPI.DLL
0x00007ffc11d50000 - 0x00007ffc11d5a000 	C:\Windows\SYSTEM32\WINNSI.DLL
0x00007ffc0fd40000 - 0x00007ffc0fd56000 	C:\Windows\SYSTEM32\dhcpcsvc6.DLL
0x00007ffc10350000 - 0x00007ffc1036a000 	C:\Windows\SYSTEM32\dhcpcsvc.DLL

VM Arguments:
jvm_args: -Xmx2048m -Dfile.encoding=windows-1252 -Duser.country=US -Duser.language=en -Duser.variant 
java_command: org.gradle.launcher.daemon.bootstrap.GradleDaemon 6.1.1
java_class_path (initial): C:\Users\SHADOWRATH\.gradle\wrapper\dists\gradle-6.1.1-all\cfmwm155h49vnt3hynmlrsdst\gradle-6.1.1\lib\gradle-launcher-6.1.1.jar
Launcher Type: SUN_STANDARD

Environment Variables:
PATH=C:\Program Files\Microsoft MPI\Bin\;C:\Program Files\Dell\DW WLAN Card;C:\Windows\system32;C:\Windows;C:\Windows\System32\Wbem;C:\Windows\System32\WindowsPowerShell\v1.0\;C:\Program Files\WIDCOMM\Bluetooth Software\;C:\Program Files\WIDCOMM\Bluetooth Software\syswow64;C:\Program Files (x86)\NVIDIA Corporation\PhysX\Common;C:\Program Files\Microsoft SQL Server\Client SDK\ODBC\130\Tools\Binn\;C:\Program Files (x86)\Microsoft SQL Server\140\Tools\Binn\;C:\Program Files\Microsoft SQL Server\140\Tools\Binn\;C:\Program Files\Microsoft SQL Server\140\DTS\Binn\;C:\Program Files (x86)\Microsoft SQL Server\150\DTS\Binn\;C:\Program Files (x86)\Microsoft SQL Server\140\DTS\Binn\;C:\Program Files\NVIDIA Corporation\NVIDIA NvDLISR\;C:\Program Files\Java\jdk13\bin;C:\Program Files\NVIDIA Corporation\NVIDIA NvDLISR;C:\Program Files\Git\cmd;C:\Program Files\MySQL\MySQL Shell 8.0\bin\;C:\Program Files\java\jdk-13.0.2\bin
USERNAME=SHADOWRATH
OS=Windows_NT
PROCESSOR_IDENTIFIER=Intel64 Family 6 Model 61 Stepping 4, GenuineIntel



---------------  S Y S T E M  ---------------

OS: Windows 8.1 , 64 bit Build 9600 (6.3.9600.17415)

CPU:total 4 (initial active 4) (2 cores per cpu, 2 threads per core) family 6 model 61 stepping 4, cmov, cx8, fxsr, mmx, sse, sse2, sse3, ssse3, sse4.1, sse4.2, popcnt, avx, avx2, aes, clmul, erms, 3dnowpref, lzcnt, ht, tsc, tscinvbit, bmi1, bmi2, adx

Memory: 4k page, physical 8297700k(1145720k free), swap 11369700k(7724k free)

vm_info: OpenJDK 64-Bit Server VM (25.242-b01) for windows-amd64 JRE (1.8.0_242-release-1644-b01), built by "builder" with MS VC++ 10.0 (VS2010)

time: Sat Oct 03 14:16:48 2020
timezone: Sri Lanka Standard Time
elapsed time: 17 seconds (0d 0h 0m 17s)

