#
# There is insufficient memory for the Java Runtime Environment to continue.
# Native memory allocation (malloc) failed to allocate 32744 bytes for ChunkPool::allocate
# Possible reasons:
#   The system is out of physical RAM or swap space
#   The process is running with CompressedOops enabled, and the Java Heap may be blocking the growth of the native heap
# Possible solutions:
#   Reduce memory load on the system
#   Increase physical memory or swap space
#   Check if swap backing store is full
#   Decrease Java heap size (-Xmx/-Xms)
#   Decrease number of Java threads
#   Decrease Java thread stack sizes (-Xss)
#   Set larger code cache with -XX:ReservedCodeCacheSize=
#   JVM is running with Unscaled Compressed Oops mode in which the Java heap is
#     placed in the first 4GB address space. The Java Heap base address is the
#     maximum limit for the native heap growth. Please use -XX:HeapBaseMinAddress
#     to set the Java Heap base and to place the Java Heap above 4GB virtual address.
# This output file may be truncated or incomplete.
#
#  Out of Memory Error (allocation.cpp:272), pid=169344, tid=0x00000000000299d4
#
# JRE version: OpenJDK Runtime Environment (8.0_242-b01) (build 1.8.0_242-release-1644-b01)
# Java VM: OpenJDK 64-Bit Server VM (25.242-b01 mixed mode windows-amd64 compressed oops)
# Failed to write core dump. Minidumps are not enabled by default on client versions of Windows
#

---------------  T H R E A D  ---------------

Current thread (0x000000001716b800):  JavaThread "C2 CompilerThread1" daemon [_thread_in_native, id=170452, stack(0x00000000189f0000,0x0000000018af0000)]

Stack: [0x00000000189f0000,0x0000000018af0000]
[error occurred during error reporting (printing stack bounds), id 0xc0000005]

Native frames: (J=compiled Java code, j=interpreted, Vv=VM code, C=native code)


Current CompileTask:
C2: 162609 10379       4       org.objectweb.asm.commons.Remapper::mapSignature (57 bytes)


---------------  P R O C E S S  ---------------

Java Threads: ( => current thread )
  0x000000001a14b000 JavaThread "Cache worker for Build Output Cleanup Cache (C:\Users\SHADOWRATH\AndroidStudioProjects\FoodieApp\.gradle\buildOutputCleanup)" [_thread_blocked, id=165208, stack(0x0000000024f60000,0x0000000025060000)]
  0x0000000019837000 JavaThread "Build operations Thread 4" [_thread_blocked, id=161884, stack(0x0000000024e60000,0x0000000024f60000)]
  0x0000000019833800 JavaThread "Build operations Thread 3" [_thread_blocked, id=166564, stack(0x0000000023970000,0x0000000023a70000)]
  0x0000000019835000 JavaThread "Build operations Thread 2" [_thread_in_native, id=171984, stack(0x0000000023670000,0x0000000023770000)]
  0x0000000019836800 JavaThread "Build operations" [_thread_blocked, id=167280, stack(0x00000000216e0000,0x00000000217e0000)]
  0x0000000019832800 JavaThread "Cache worker for cache directory md-rule (C:\Users\SHADOWRATH\.gradle\caches\6.1.1\md-rule)" [_thread_blocked, id=168612, stack(0x0000000020de0000,0x0000000020ee0000)]
  0x0000000019835800 JavaThread "Cache worker for cache directory md-supplier (C:\Users\SHADOWRATH\.gradle\caches\6.1.1\md-supplier)" [_thread_blocked, id=172132, stack(0x000000001f030000,0x000000001f130000)]
  0x000000001982f000 JavaThread "Cache worker for file hash cache (C:\Users\SHADOWRATH\AndroidStudioProjects\FoodieApp\.gradle\6.1.1\fileHashes)" [_thread_blocked, id=169280, stack(0x000000001ec30000,0x000000001ed30000)]
  0x0000000019832000 JavaThread "Cache worker for checksums cache (C:\Users\SHADOWRATH\AndroidStudioProjects\FoodieApp\.gradle\checksums)" [_thread_blocked, id=144332, stack(0x000000001ea30000,0x000000001eb30000)]
  0x000000001982e000 JavaThread "Thread-30" [_thread_blocked, id=176100, stack(0x000000001e930000,0x000000001ea30000)]
  0x0000000019829800 JavaThread "Stdin handler" [_thread_blocked, id=164876, stack(0x000000001ca60000,0x000000001cb60000)]
  0x000000001982c000 JavaThread "Asynchronous log dispatcher for DefaultDaemonConnection: socket connection from /127.0.0.1:14811 to /127.0.0.1:14823" [_thread_blocked, id=175248, stack(0x000000001c960000,0x000000001ca60000)]
  0x000000001982a800 JavaThread "Daemon worker Thread 2" [_thread_blocked, id=174852, stack(0x000000001c860000,0x000000001c960000)]
  0x0000000019828000 JavaThread "Cancel handler" [_thread_blocked, id=176304, stack(0x000000001c760000,0x000000001c860000)]
  0x0000000019829000 JavaThread "Handler for socket connection from /127.0.0.1:14811 to /127.0.0.1:14823" [_thread_in_native, id=174380, stack(0x000000001c660000,0x000000001c760000)]
  0x0000000019830800 JavaThread "Cache worker for file content cache (C:\Users\SHADOWRATH\.gradle\caches\6.1.1\fileContent)" [_thread_blocked, id=163656, stack(0x0000000023570000,0x0000000023670000)]
  0x000000001982d800 JavaThread "Memory manager" [_thread_blocked, id=168588, stack(0x0000000021fe0000,0x00000000220e0000)]
  0x000000001a150000 JavaThread "Cache worker for execution history cache (C:\Users\SHADOWRATH\.gradle\caches\6.1.1\executionHistory)" [_thread_blocked, id=174848, stack(0x000000001eb30000,0x000000001ec30000)]
  0x000000001a14b800 JavaThread "Cache worker for file hash cache (C:\Users\SHADOWRATH\.gradle\caches\6.1.1\fileHashes)" [_thread_blocked, id=158208, stack(0x000000001cf60000,0x000000001d060000)]
  0x000000001a14a000 JavaThread "File lock request listener" [_thread_in_native, id=161040, stack(0x000000001ce60000,0x000000001cf60000)]
  0x000000001a92f800 JavaThread "Cache worker for journal cache (C:\Users\SHADOWRATH\.gradle\caches\journal-1)" [_thread_blocked, id=173668, stack(0x000000001cd60000,0x000000001ce60000)]
  0x0000000019b5d000 JavaThread "Daemon" [_thread_blocked, id=164224, stack(0x000000001c260000,0x000000001c360000)]
  0x0000000019c14000 JavaThread "Daemon periodic checks" [_thread_blocked, id=170536, stack(0x000000001c160000,0x000000001c260000)]
  0x0000000019c11800 JavaThread "Incoming local TCP Connector on port 14811" [_thread_in_native, id=11404, stack(0x000000001bf70000,0x000000001c070000)]
  0x00000000198d7000 JavaThread "Daemon health stats" [_thread_blocked, id=173336, stack(0x000000001b990000,0x000000001ba90000)]
  0x0000000018c18800 JavaThread "Service Thread" daemon [_thread_blocked, id=170268, stack(0x0000000018ff0000,0x00000000190f0000)]
  0x000000001717c000 JavaThread "C1 CompilerThread2" daemon [_thread_blocked, id=3028, stack(0x0000000018af0000,0x0000000018bf0000)]
=>0x000000001716b800 JavaThread "C2 CompilerThread1" daemon [_thread_in_native, id=170452, stack(0x00000000189f0000,0x0000000018af0000)]
  0x0000000017166800 JavaThread "C2 CompilerThread0" daemon [_thread_in_native, id=169176, stack(0x00000000188f0000,0x00000000189f0000)]
  0x0000000017164000 JavaThread "Attach Listener" daemon [_thread_blocked, id=171188, stack(0x00000000187f0000,0x00000000188f0000)]
  0x0000000017163000 JavaThread "Signal Dispatcher" daemon [_thread_blocked, id=174840, stack(0x00000000186f0000,0x00000000187f0000)]
  0x000000000253b800 JavaThread "Finalizer" daemon [_thread_blocked, id=159080, stack(0x00000000183c0000,0x00000000184c0000)]
  0x0000000017149000 JavaThread "Reference Handler" daemon [_thread_blocked, id=168004, stack(0x00000000182c0000,0x00000000183c0000)]
  0x0000000002442800 JavaThread "main" [_thread_blocked, id=84244, stack(0x0000000002340000,0x0000000002440000)]

Other Threads:
  0x0000000017125800 VMThread [stack: 0x00000000181c0000,0x00000000182c0000] [id=177096]
  0x0000000018c19000 WatcherThread [stack: 0x00000000190f0000,0x00000000191f0000] [id=174548]

VM state:at safepoint (normal execution)

VM Mutex/Monitor currently owned by a thread:  ([mutex/lock_event])
[0x000000000228d800] Threads_lock - owner thread: 0x0000000017125800
[0x000000000228d180] Heap_lock - owner thread: 0x0000000019833800

heap address: 0x0000000080000000, size: 2048 MB, Compressed Oops mode: 32-bit
Narrow klass base: 0x0000000000000000, Narrow klass shift: 3
Compressed class space size: 1073741824 Address: 0x0000000100000000

Heap:
 PSYoungGen      total 143872K, used 143865K [0x00000000d5580000, 0x00000000dfa80000, 0x0000000100000000)
  eden space 124928K, 100% used [0x00000000d5580000,0x00000000dcf80000,0x00000000dcf80000)
  from space 18944K, 99% used [0x00000000de800000,0x00000000dfa7e430,0x00000000dfa80000)
  to   space 22016K, 32% used [0x00000000dcf80000,0x00000000dd681a98,0x00000000de500000)
 ParOldGen       total 164352K, used 39894K [0x0000000080000000, 0x000000008a080000, 0x00000000d5580000)
  object space 164352K, 24% used [0x0000000080000000,0x00000000826f5b28,0x000000008a080000)
 Metaspace       used 80004K, capacity 83312K, committed 83608K, reserved 1122304K
  class space    used 10556K, capacity 11299K, committed 11416K, reserved 1048576K

Card table byte_map: [0x0000000011900000,0x0000000011d10000] byte_map_base: 0x0000000011500000

Marking Bits: (ParMarkBitMap*) 0x0000000065a1f030
 Begin Bits: [0x00000000123c0000, 0x00000000143c0000)
 End Bits:   [0x00000000143c0000, 0x00000000163c0000)

Polling page: 0x0000000002230000

CodeCache: size=245760Kb used=29705Kb max_used=29705Kb free=216054Kb
 bounds [0x0000000002540000, 0x0000000004270000, 0x0000000011540000]
 total_blobs=9766 nmethods=8936 adapters=743
 compilation: enabled

Compilation events (10 events):
Event: 162.542 Thread 0x000000001717c000 nmethod 10397 0x0000000004251090 code [0x0000000004251200, 0x0000000004251490]
Event: 162.542 Thread 0x000000001717c000 10394       3       com.android.tools.build.jetifier.processor.transform.pom.PomScanner$PomScannerSession::visit (31 bytes)
Event: 162.543 Thread 0x000000001717c000 nmethod 10394 0x0000000004250290 code [0x0000000004250480, 0x0000000004250d08]
Event: 162.543 Thread 0x000000001717c000 10395       3       com.sun.org.apache.xerces.internal.util.ParserConfigurationSettings::getProperty (31 bytes)
Event: 162.543 Thread 0x000000001717c000 nmethod 10395 0x000000000424fb90 code [0x000000000424fd20, 0x0000000004250118]
Event: 162.544 Thread 0x000000001717c000 10396       3       com.sun.org.apache.xerces.internal.util.FeatureState::<init> (15 bytes)
Event: 162.544 Thread 0x000000001717c000 nmethod 10396 0x000000000424f7d0 code [0x000000000424f920, 0x000000000424faf0]
Event: 162.544 Thread 0x000000001717c000 10398       1       org.jdom2.ContentList::getModCount (5 bytes)
Event: 162.544 Thread 0x000000001717c000 nmethod 10398 0x0000000004241910 code [0x0000000004241a60, 0x0000000004241b70]
Event: 162.549 Thread 0x000000001717c000 10400       3       com.android.tools.build.jetifier.processor.transform.bytecode.CoreRemapperImpl::rewriteString (545 bytes)

GC Heap History (10 events):
Event: 54.077 GC heap before
{Heap before GC invocations=15 (full 3):
 PSYoungGen      total 118272K, used 19027K [0x00000000d5580000, 0x00000000df600000, 0x0000000100000000)
  eden space 98816K, 0% used [0x00000000d5580000,0x00000000d5580000,0x00000000db600000)
  from space 19456K, 97% used [0x00000000dcb80000,0x00000000dde14f38,0x00000000dde80000)
  to   space 22016K, 0% used [0x00000000db600000,0x00000000db600000,0x00000000dcb80000)
 ParOldGen       total 121856K, used 22507K [0x0000000080000000, 0x0000000087700000, 0x00000000d5580000)
  object space 121856K, 18% used [0x0000000080000000,0x00000000815fad40,0x0000000087700000)
 Metaspace       used 57067K, capacity 59096K, committed 59160K, reserved 1099776K
  class space    used 7660K, capacity 8152K, committed 8216K, reserved 1048576K
Event: 54.397 GC heap after
Heap after GC invocations=15 (full 3):
 PSYoungGen      total 118272K, used 0K [0x00000000d5580000, 0x00000000df600000, 0x0000000100000000)
  eden space 98816K, 0% used [0x00000000d5580000,0x00000000d5580000,0x00000000db600000)
  from space 19456K, 0% used [0x00000000dcb80000,0x00000000dcb80000,0x00000000dde80000)
  to   space 22016K, 0% used [0x00000000db600000,0x00000000db600000,0x00000000dcb80000)
 ParOldGen       total 164352K, used 31241K [0x0000000080000000, 0x000000008a080000, 0x00000000d5580000)
  object space 164352K, 19% used [0x0000000080000000,0x0000000081e825f0,0x000000008a080000)
 Metaspace       used 57033K, capacity 58984K, committed 59160K, reserved 1099776K
  class space    used 7651K, capacity 8140K, committed 8216K, reserved 1048576K
}
Event: 74.894 GC heap before
{Heap before GC invocations=16 (full 3):
 PSYoungGen      total 118272K, used 98816K [0x00000000d5580000, 0x00000000df600000, 0x0000000100000000)
  eden space 98816K, 100% used [0x00000000d5580000,0x00000000db600000,0x00000000db600000)
  from space 19456K, 0% used [0x00000000dcb80000,0x00000000dcb80000,0x00000000dde80000)
  to   space 22016K, 0% used [0x00000000db600000,0x00000000db600000,0x00000000dcb80000)
 ParOldGen       total 164352K, used 31241K [0x0000000080000000, 0x000000008a080000, 0x00000000d5580000)
  object space 164352K, 19% used [0x0000000080000000,0x0000000081e825f0,0x000000008a080000)
 Metaspace       used 63646K, capacity 65806K, committed 66072K, reserved 1105920K
  class space    used 8626K, capacity 9155K, committed 9240K, reserved 1048576K
Event: 74.904 GC heap after
Heap after GC invocations=16 (full 3):
 PSYoungGen      total 120832K, used 11344K [0x00000000d5580000, 0x00000000dfc80000, 0x0000000100000000)
  eden space 98816K, 0% used [0x00000000d5580000,0x00000000d5580000,0x00000000db600000)
  from space 22016K, 51% used [0x00000000db600000,0x00000000dc114048,0x00000000dcb80000)
  to   space 20992K, 0% used [0x00000000de800000,0x00000000de800000,0x00000000dfc80000)
 ParOldGen       total 164352K, used 31249K [0x0000000080000000, 0x000000008a080000, 0x00000000d5580000)
  object space 164352K, 19% used [0x0000000080000000,0x0000000081e845f0,0x000000008a080000)
 Metaspace       used 63646K, capacity 65806K, committed 66072K, reserved 1105920K
  class space    used 8626K, capacity 9155K, committed 9240K, reserved 1048576K
}
Event: 139.280 GC heap before
{Heap before GC invocations=17 (full 3):
 PSYoungGen      total 120832K, used 110160K [0x00000000d5580000, 0x00000000dfc80000, 0x0000000100000000)
  eden space 98816K, 100% used [0x00000000d5580000,0x00000000db600000,0x00000000db600000)
  from space 22016K, 51% used [0x00000000db600000,0x00000000dc114048,0x00000000dcb80000)
  to   space 20992K, 0% used [0x00000000de800000,0x00000000de800000,0x00000000dfc80000)
 ParOldGen       total 164352K, used 31249K [0x0000000080000000, 0x000000008a080000, 0x00000000d5580000)
  object space 164352K, 19% used [0x0000000080000000,0x0000000081e845f0,0x000000008a080000)
 Metaspace       used 69391K, capacity 71968K, committed 72216K, reserved 1112064K
  class space    used 9154K, capacity 9744K, committed 9752K, reserved 1048576K
Event: 139.308 GC heap after
Heap after GC invocations=17 (full 3):
 PSYoungGen      total 143872K, used 15267K [0x00000000d5580000, 0x00000000dfa80000, 0x0000000100000000)
  eden space 124928K, 0% used [0x00000000d5580000,0x00000000d5580000,0x00000000dcf80000)
  from space 18944K, 80% used [0x00000000de800000,0x00000000df6e8f08,0x00000000dfa80000)
  to   space 22016K, 0% used [0x00000000dcf80000,0x00000000dcf80000,0x00000000de500000)
 ParOldGen       total 164352K, used 31257K [0x0000000080000000, 0x000000008a080000, 0x00000000d5580000)
  object space 164352K, 19% used [0x0000000080000000,0x0000000081e865f0,0x000000008a080000)
 Metaspace       used 69391K, capacity 71968K, committed 72216K, reserved 1112064K
  class space    used 9154K, capacity 9744K, committed 9752K, reserved 1048576K
}
Event: 143.145 GC heap before
{Heap before GC invocations=18 (full 3):
 PSYoungGen      total 143872K, used 140195K [0x00000000d5580000, 0x00000000dfa80000, 0x0000000100000000)
  eden space 124928K, 100% used [0x00000000d5580000,0x00000000dcf80000,0x00000000dcf80000)
  from space 18944K, 80% used [0x00000000de800000,0x00000000df6e8f08,0x00000000dfa80000)
  to   space 22016K, 0% used [0x00000000dcf80000,0x00000000dcf80000,0x00000000de500000)
 ParOldGen       total 164352K, used 31257K [0x0000000080000000, 0x000000008a080000, 0x00000000d5580000)
  object space 164352K, 19% used [0x0000000080000000,0x0000000081e865f0,0x000000008a080000)
 Metaspace       used 74668K, capacity 77538K, committed 77720K, reserved 1116160K
  class space    used 9921K, capacity 10545K, committed 10648K, reserved 1048576K
Event: 143.174 GC heap after
Heap after GC invocations=18 (full 3):
 PSYoungGen      total 146944K, used 20734K [0x00000000d5580000, 0x00000000dfa80000, 0x0000000100000000)
  eden space 124928K, 0% used [0x00000000d5580000,0x00000000d5580000,0x00000000dcf80000)
  from space 22016K, 94% used [0x00000000dcf80000,0x00000000de3bfb90,0x00000000de500000)
  to   space 18944K, 0% used [0x00000000de800000,0x00000000de800000,0x00000000dfa80000)
 ParOldGen       total 164352K, used 31265K [0x0000000080000000, 0x000000008a080000, 0x00000000d5580000)
  object space 164352K, 19% used [0x0000000080000000,0x0000000081e885f0,0x000000008a080000)
 Metaspace       used 74668K, capacity 77538K, committed 77720K, reserved 1116160K
  class space    used 9921K, capacity 10545K, committed 10648K, reserved 1048576K
}
Event: 158.306 GC heap before
{Heap before GC invocations=19 (full 3):
 PSYoungGen      total 146944K, used 145662K [0x00000000d5580000, 0x00000000dfa80000, 0x0000000100000000)
  eden space 124928K, 100% used [0x00000000d5580000,0x00000000dcf80000,0x00000000dcf80000)
  from space 22016K, 94% used [0x00000000dcf80000,0x00000000de3bfb90,0x00000000de500000)
  to   space 18944K, 0% used [0x00000000de800000,0x00000000de800000,0x00000000dfa80000)
 ParOldGen       total 164352K, used 31265K [0x0000000080000000, 0x000000008a080000, 0x00000000d5580000)
  object space 164352K, 19% used [0x0000000080000000,0x0000000081e885f0,0x000000008a080000)
 Metaspace       used 79061K, capacity 82286K, committed 82456K, reserved 1120256K
  class space    used 10487K, capacity 11226K, committed 11288K, reserved 1048576K
Event: 158.344 GC heap after
Heap after GC invocations=19 (full 3):
 PSYoungGen      total 143872K, used 18937K [0x00000000d5580000, 0x00000000dfa80000, 0x0000000100000000)
  eden space 124928K, 0% used [0x00000000d5580000,0x00000000d5580000,0x00000000dcf80000)
  from space 18944K, 99% used [0x00000000de800000,0x00000000dfa7e430,0x00000000dfa80000)
  to   space 22016K, 0% used [0x00000000dcf80000,0x00000000dcf80000,0x00000000de500000)
 ParOldGen       total 164352K, used 39894K [0x0000000080000000, 0x000000008a080000, 0x00000000d5580000)
  object space 164352K, 24% used [0x0000000080000000,0x00000000826f5b28,0x000000008a080000)
 Metaspace       used 79061K, capacity 82286K, committed 82456K, reserved 1120256K
  class space    used 10487K, capacity 11226K, committed 11288K, reserved 1048576K
}

Deoptimization events (10 events):
Event: 161.411 Thread 0x000000001a92f800 Uncommon trap: reason=unstable_if action=reinterpret pc=0x000000000407bc78 method=java.math.BigInteger.makePositive([B)[I @ 33
Event: 161.446 Thread 0x000000001982a800 Uncommon trap: reason=null_check action=make_not_entrant pc=0x0000000003c6ab30 method=org.gradle.tooling.internal.provider.runner.SubtreeFilteringBuildOperationListener.started(Lorg/gradle/internal/operations/BuildOperationDescriptor;Lorg/gradle/internal/
Event: 161.523 Thread 0x000000001982a800 Uncommon trap: reason=class_check action=maybe_recompile pc=0x0000000004074ca8 method=java.util.regex.Pattern$Begin.match(Ljava/util/regex/Matcher;ILjava/lang/CharSequence;)Z @ 30
Event: 161.526 Thread 0x000000001982a800 Uncommon trap: reason=class_check action=maybe_recompile pc=0x0000000004074ca8 method=java.util.regex.Pattern$Begin.match(Ljava/util/regex/Matcher;ILjava/lang/CharSequence;)Z @ 30
Event: 161.526 Thread 0x000000001982a800 Uncommon trap: reason=class_check action=maybe_recompile pc=0x0000000004074ca8 method=java.util.regex.Pattern$Begin.match(Ljava/util/regex/Matcher;ILjava/lang/CharSequence;)Z @ 30
Event: 161.539 Thread 0x000000001982a800 Uncommon trap: reason=class_check action=maybe_recompile pc=0x0000000004074ca8 method=java.util.regex.Pattern$Begin.match(Ljava/util/regex/Matcher;ILjava/lang/CharSequence;)Z @ 30
Event: 161.926 Thread 0x0000000019837000 Uncommon trap: reason=null_check action=make_not_entrant pc=0x00000000041eafc0 method=org.gradle.tooling.internal.provider.runner.SubtreeFilteringBuildOperationListener.finished(Lorg/gradle/internal/operations/BuildOperationDescriptor;Lorg/gradle/internal
Event: 161.926 Thread 0x0000000019833800 Uncommon trap: reason=null_check action=make_not_entrant pc=0x00000000041eafc0 method=org.gradle.tooling.internal.provider.runner.SubtreeFilteringBuildOperationListener.finished(Lorg/gradle/internal/operations/BuildOperationDescriptor;Lorg/gradle/internal
Event: 162.067 Thread 0x0000000019836800 Uncommon trap: reason=unstable_if action=reinterpret pc=0x00000000033aecd8 method=com.sun.org.apache.xerces.internal.util.SymbolTable.addSymbol([CII)Ljava/lang/String; @ 64
Event: 162.215 Thread 0x0000000019835000 Uncommon trap: reason=unstable_if action=reinterpret pc=0x00000000034ccd10 method=java.util.concurrent.ConcurrentHashMap.addCount(JI)V @ 97

Classes redefined (0 events):
No events

Internal exceptions (10 events):
Event: 156.095 Thread 0x0000000019836800 Exception <a 'java/lang/NoSuchMethodError': java.lang.Object.lambda$flatMap$2(Ljava/util/function/Function;Ljava/lang/Object;)Lorg/gradle/internal/Try;> (0x00000000d8af6d58) thrown at [C:\src\AOSP-openjdk-git\hotspot\src\share\vm\interpreter\linkResolver.
Event: 157.323 Thread 0x0000000019836800 Exception <a 'sun/nio/fs/WindowsException'> (0x00000000da827348) thrown at [C:\src\AOSP-openjdk-git\hotspot\src\share\vm\prims\jni.cpp, line 710]
Event: 158.189 Thread 0x0000000019833800 Exception <a 'sun/nio/fs/WindowsException'> (0x00000000dce71288) thrown at [C:\src\AOSP-openjdk-git\hotspot\src\share\vm\prims\jni.cpp, line 710]
Event: 159.231 Thread 0x0000000019835000 Exception <a 'java/lang/NoSuchMethodError': java.lang.Object.lambda$flatMap$0(Ljava/lang/Throwable;)Lorg/gradle/api/internal/artifacts/transform/CacheableInvocation;> (0x00000000d58cdd60) thrown at [C:\src\AOSP-openjdk-git\hotspot\src\share\vm\interpreter
Event: 161.446 Thread 0x000000001982a800 Implicit null exception at 0x0000000003c6a18c to 0x0000000003c6ab09
Event: 161.926 Thread 0x0000000019837000 Implicit null exception at 0x00000000041eab63 to 0x00000000041eafb5
Event: 161.926 Thread 0x0000000019833800 Implicit null exception at 0x00000000041eab63 to 0x00000000041eafb5
Event: 162.096 Thread 0x0000000019836800 Exception <a 'sun/nio/fs/WindowsException'> (0x00000000d81ecc10) thrown at [C:\src\AOSP-openjdk-git\hotspot\src\share\vm\prims\jni.cpp, line 710]
Event: 162.412 Thread 0x0000000019836800 Exception <a 'sun/nio/fs/WindowsException'> (0x00000000d95ed4c8) thrown at [C:\src\AOSP-openjdk-git\hotspot\src\share\vm\prims\jni.cpp, line 710]
Event: 162.438 Thread 0x0000000019837000 Exception <a 'sun/nio/fs/WindowsException'> (0x00000000d9dc45c0) thrown at [C:\src\AOSP-openjdk-git\hotspot\src\share\vm\prims\jni.cpp, line 710]

Events (10 events):
Event: 162.098 Thread 0x000000001717c000 flushing nmethod 0x0000000004014ed0
Event: 162.098 Thread 0x000000001717c000 flushing nmethod 0x00000000040167d0
Event: 162.098 Thread 0x000000001717c000 flushing nmethod 0x000000000401e2d0
Event: 162.098 Thread 0x000000001717c000 flushing nmethod 0x0000000004020990
Event: 162.098 Thread 0x000000001717c000 flushing nmethod 0x0000000004079bd0
Event: 162.215 Thread 0x0000000019835000 Uncommon trap: trap_request=0xffffff65 fr.pc=0x00000000034ccd10
Event: 162.215 Thread 0x0000000019835000 DEOPT PACKING pc=0x00000000034ccd10 sp=0x000000002376c880
Event: 162.215 Thread 0x0000000019835000 DEOPT UNPACKING pc=0x000000000258557b sp=0x000000002376c748 mode 2
Event: 162.440 Thread 0x0000000019836800 DEOPT PACKING pc=0x0000000003f9c691 sp=0x00000000217dc090
Event: 162.440 Thread 0x0000000019836800 DEOPT UNPACKING pc=0x00000000025875d0 sp=0x00000000217dbdd8 mode 0


Dynamic libraries:
0x00007ff6377c0000 - 0x00007ff6377f1000 	C:\Program Files\Android\Android Studio\jre\bin\java.exe
0x00007ffc1a190000 - 0x00007ffc1a33d000 	C:\Windows\SYSTEM32\ntdll.dll
0x00007ffc18da0000 - 0x00007ffc18ede000 	C:\Windows\system32\KERNEL32.DLL
0x00007ffc176f0000 - 0x00007ffc17805000 	C:\Windows\system32\KERNELBASE.dll
0x00007ffc19f80000 - 0x00007ffc1a02a000 	C:\Windows\system32\ADVAPI32.dll
0x00007ffc19b70000 - 0x00007ffc19ce7000 	C:\Windows\system32\USER32.dll
0x00007ffc153c0000 - 0x00007ffc1563a000 	C:\Windows\WinSxS\amd64_microsoft.windows.common-controls_6595b64144ccf1df_6.0.9600.17810_none_6240b9c7ecbd0bda\COMCTL32.dll
0x00007ffc19890000 - 0x00007ffc1993a000 	C:\Windows\system32\msvcrt.dll
0x00007ffc19820000 - 0x00007ffc19879000 	C:\Windows\SYSTEM32\sechost.dll
0x00007ffc191a0000 - 0x00007ffc192e1000 	C:\Windows\system32\RPCRT4.dll
0x00007ffc19050000 - 0x00007ffc1919b000 	C:\Windows\system32\GDI32.dll
0x00007ffc19010000 - 0x00007ffc19046000 	C:\Windows\system32\IMM32.DLL
0x00007ffc1a030000 - 0x00007ffc1a182000 	C:\Windows\system32\MSCTF.dll
0x00000000670d0000 - 0x00000000671a2000 	C:\Program Files\Android\Android Studio\jre\jre\bin\msvcr100.dll
0x0000000065250000 - 0x0000000065a9b000 	C:\Program Files\Android\Android Studio\jre\jre\bin\server\jvm.dll
0x00007ffc0d220000 - 0x00007ffc0d229000 	C:\Windows\SYSTEM32\WSOCK32.dll
0x00007ffc12b90000 - 0x00007ffc12bb2000 	C:\Windows\SYSTEM32\WINMM.dll
0x00007ffc11fc0000 - 0x00007ffc11fca000 	C:\Windows\SYSTEM32\VERSION.dll
0x00007ffc19950000 - 0x00007ffc19957000 	C:\Windows\system32\PSAPI.DLL
0x00007ffc17810000 - 0x00007ffc1786a000 	C:\Windows\system32\WS2_32.dll
0x00007ffc12b60000 - 0x00007ffc12b8a000 	C:\Windows\SYSTEM32\WINMMBASE.dll
0x00007ffc19880000 - 0x00007ffc19889000 	C:\Windows\system32\NSI.dll
0x00007ffc176a0000 - 0x00007ffc176ef000 	C:\Windows\SYSTEM32\cfgmgr32.dll
0x00007ffc160e0000 - 0x00007ffc16108000 	C:\Windows\SYSTEM32\DEVOBJ.dll
0x00007ffc15100000 - 0x00007ffc1510f000 	C:\Program Files\Android\Android Studio\jre\jre\bin\verify.dll
0x00007ffc14da0000 - 0x00007ffc14dc9000 	C:\Program Files\Android\Android Studio\jre\jre\bin\java.dll
0x00007ffc14d80000 - 0x00007ffc14d96000 	C:\Program Files\Android\Android Studio\jre\jre\bin\zip.dll
0x00007ffc17870000 - 0x00007ffc18d99000 	C:\Windows\system32\SHELL32.dll
0x00007ffc19600000 - 0x00007ffc19812000 	C:\Windows\SYSTEM32\combase.dll
0x00007ffc195a0000 - 0x00007ffc195f4000 	C:\Windows\system32\SHLWAPI.dll
0x00007ffc15840000 - 0x00007ffc158f2000 	C:\Windows\SYSTEM32\SHCORE.dll
0x00007ffc172e0000 - 0x00007ffc172f5000 	C:\Windows\SYSTEM32\profapi.dll
0x00007ffc14d60000 - 0x00007ffc14d7a000 	C:\Program Files\Android\Android Studio\jre\jre\bin\net.dll
0x00007ffc16ae0000 - 0x00007ffc16b39000 	C:\Windows\system32\mswsock.dll
0x00007ffc14d00000 - 0x00007ffc14d13000 	C:\Program Files\Android\Android Studio\jre\jre\bin\nio.dll
0x00007ffc14b90000 - 0x00007ffc14bb6000 	C:\Users\SHADOWRATH\.gradle\native\31\windows-amd64\native-platform.dll
0x00007ffc14fc0000 - 0x00007ffc14fcd000 	C:\Program Files\Android\Android Studio\jre\jre\bin\management.dll
0x00007ffc16b40000 - 0x00007ffc16b60000 	C:\Windows\SYSTEM32\CRYPTSP.dll
0x00007ffc16760000 - 0x00007ffc16796000 	C:\Windows\system32\rsaenh.dll
0x00007ffc16df0000 - 0x00007ffc16e16000 	C:\Windows\SYSTEM32\bcrypt.dll
0x00007ffc16870000 - 0x00007ffc16891000 	C:\Windows\SYSTEM32\USERENV.dll
0x00007ffc170e0000 - 0x00007ffc17143000 	C:\Windows\system32\bcryptprimitives.dll
0x00007ffc17150000 - 0x00007ffc1715b000 	C:\Windows\SYSTEM32\CRYPTBASE.dll
0x00007ffc11d60000 - 0x00007ffc11d8a000 	C:\Windows\SYSTEM32\IPHLPAPI.DLL
0x00007ffc11d50000 - 0x00007ffc11d5a000 	C:\Windows\SYSTEM32\WINNSI.DLL
0x00007ffc0fd40000 - 0x00007ffc0fd56000 	C:\Windows\SYSTEM32\dhcpcsvc6.DLL
0x00007ffc10350000 - 0x00007ffc1036a000 	C:\Windows\SYSTEM32\dhcpcsvc.DLL
0x00007ffc13b00000 - 0x00007ffc13b24000 	C:\Program Files\Android\Android Studio\jre\jre\bin\sunec.dll
0x00007ffc168e0000 - 0x00007ffc16984000 	C:\Windows\SYSTEM32\DNSAPI.dll
0x00007ffbf9ba0000 - 0x00007ffbf9baa000 	C:\Windows\System32\rasadhlp.dll
0x00007ffc11fd0000 - 0x00007ffc12002000 	C:\Windows\SYSTEM32\ntmarta.dll

VM Arguments:
jvm_args: -Xmx2048m -Dfile.encoding=windows-1252 -Duser.country=US -Duser.language=en -Duser.variant 
java_command: org.gradle.launcher.daemon.bootstrap.GradleDaemon 6.1.1
java_class_path (initial): C:\Users\SHADOWRATH\.gradle\wrapper\dists\gradle-6.1.1-all\cfmwm155h49vnt3hynmlrsdst\gradle-6.1.1\lib\gradle-launcher-6.1.1.jar
Launcher Type: SUN_STANDARD

Environment Variables:
PATH=C:\Program Files\Microsoft MPI\Bin\;C:\Program Files\Dell\DW WLAN Card;C:\Windows\system32;C:\Windows;C:\Windows\System32\Wbem;C:\Windows\System32\WindowsPowerShell\v1.0\;C:\Program Files\WIDCOMM\Bluetooth Software\;C:\Program Files\WIDCOMM\Bluetooth Software\syswow64;C:\Program Files (x86)\NVIDIA Corporation\PhysX\Common;C:\Program Files\Microsoft SQL Server\Client SDK\ODBC\130\Tools\Binn\;C:\Program Files (x86)\Microsoft SQL Server\140\Tools\Binn\;C:\Program Files\Microsoft SQL Server\140\Tools\Binn\;C:\Program Files\Microsoft SQL Server\140\DTS\Binn\;C:\Program Files (x86)\Microsoft SQL Server\150\DTS\Binn\;C:\Program Files (x86)\Microsoft SQL Server\140\DTS\Binn\;C:\Program Files\NVIDIA Corporation\NVIDIA NvDLISR\;C:\Program Files\Java\jdk13\bin;C:\Program Files\NVIDIA Corporation\NVIDIA NvDLISR;C:\Program Files\Git\cmd;C:\Program Files\MySQL\MySQL Shell 8.0\bin\;C:\Program Files\java\jdk-13.0.2\bin
USERNAME=SHADOWRATH
OS=Windows_NT
PROCESSOR_IDENTIFIER=Intel64 Family 6 Model 61 Stepping 4, GenuineIntel



---------------  S Y S T E M  ---------------

OS: Windows 8.1 , 64 bit Build 9600 (6.3.9600.17415)

CPU:total 4 (initial active 4) (2 cores per cpu, 2 threads per core) family 6 model 61 stepping 4, cmov, cx8, fxsr, mmx, sse, sse2, sse3, ssse3, sse4.1, sse4.2, popcnt, avx, avx2, aes, clmul, erms, 3dnowpref, lzcnt, ht, tsc, tscinvbit, bmi1, bmi2, adx

Memory: 4k page, physical 8297700k(884616k free), swap 11369700k(5172k free)

vm_info: OpenJDK 64-Bit Server VM (25.242-b01) for windows-amd64 JRE (1.8.0_242-release-1644-b01), built by "builder" with MS VC++ 10.0 (VS2010)

time: Sun Oct 04 02:07:36 2020
timezone: Sri Lanka Standard Time
elapsed time: 162 seconds (0d 0h 2m 42s)

